<?xml version="1.0" encoding="UTF-8"?>
<testsuite name="com.cdt.credito.AuthControllerTest" tests="2" skipped="0" failures="0" errors="0" timestamp="2018-05-21T17:55:15" hostname="localhost.localdomain" time="1.098">
  <properties/>
  <testcase name="testGETCapthaAuthController" classname="com.cdt.credito.AuthControllerTest" time="1.074"/>
  <testcase name="contextLoads" classname="com.cdt.credito.AuthControllerTest" time="0.023"/>
  <system-out><![CDATA[14:55:02.816 [Test worker] DEBUG org.springframework.test.context.junit4.SpringJUnit4ClassRunner - SpringJUnit4ClassRunner constructor called with [class com.cdt.credito.AuthControllerTest]
14:55:02.822 [Test worker] DEBUG org.springframework.test.context.BootstrapUtils - Instantiating CacheAwareContextLoaderDelegate from class [org.springframework.test.context.cache.DefaultCacheAwareContextLoaderDelegate]
14:55:02.829 [Test worker] DEBUG org.springframework.test.context.BootstrapUtils - Instantiating BootstrapContext using constructor [public org.springframework.test.context.support.DefaultBootstrapContext(java.lang.Class,org.springframework.test.context.CacheAwareContextLoaderDelegate)]
14:55:02.845 [Test worker] DEBUG org.springframework.test.context.BootstrapUtils - Instantiating TestContextBootstrapper for test class [com.cdt.credito.AuthControllerTest] from class [org.springframework.boot.test.context.SpringBootTestContextBootstrapper]
14:55:02.856 [Test worker] INFO org.springframework.boot.test.context.SpringBootTestContextBootstrapper - Neither @ContextConfiguration nor @ContextHierarchy found for test class [com.cdt.credito.AuthControllerTest], using SpringBootContextLoader
14:55:02.859 [Test worker] DEBUG org.springframework.test.context.support.AbstractContextLoader - Did not detect default resource location for test class [com.cdt.credito.AuthControllerTest]: class path resource [com/cdt/credito/AuthControllerTest-context.xml] does not exist
14:55:02.860 [Test worker] DEBUG org.springframework.test.context.support.AbstractContextLoader - Did not detect default resource location for test class [com.cdt.credito.AuthControllerTest]: class path resource [com/cdt/credito/AuthControllerTestContext.groovy] does not exist
14:55:02.860 [Test worker] INFO org.springframework.test.context.support.AbstractContextLoader - Could not detect default resource locations for test class [com.cdt.credito.AuthControllerTest]: no resource found for suffixes {-context.xml, Context.groovy}.
14:55:02.861 [Test worker] INFO org.springframework.test.context.support.AnnotationConfigContextLoaderUtils - Could not detect default configuration classes for test class [com.cdt.credito.AuthControllerTest]: AuthControllerTest does not declare any static, non-private, non-final, nested classes annotated with @Configuration.
14:55:02.893 [Test worker] DEBUG org.springframework.test.context.support.ActiveProfilesUtils - Could not find an 'annotation declaring class' for annotation type [org.springframework.test.context.ActiveProfiles] and class [com.cdt.credito.AuthControllerTest]
14:55:02.900 [Test worker] DEBUG org.springframework.core.env.StandardEnvironment - Adding PropertySource 'systemProperties' with lowest search precedence
14:55:02.901 [Test worker] DEBUG org.springframework.core.env.StandardEnvironment - Adding PropertySource 'systemEnvironment' with lowest search precedence
14:55:02.902 [Test worker] DEBUG org.springframework.core.env.StandardEnvironment - Initialized StandardEnvironment with PropertySources [MapPropertySource@1007613996 {name='systemProperties', properties={java.runtime.name=Java(TM) SE Runtime Environment, sun.boot.library.path=/usr/java/jdk1.8.0_77/jre/lib/amd64, java.vm.version=25.77-b03, java.vm.vendor=Oracle Corporation, java.vendor.url=http://java.oracle.com/, path.separator=:, java.vm.name=Java HotSpot(TM) 64-Bit Server VM, file.encoding.pkg=sun.io, sun.java.launcher=SUN_STANDARD, user.country=BR, sun.os.patch.level=unknown, java.vm.specification.name=Java Virtual Machine Specification, user.dir=/var/www/workspace/cdt/credito, java.runtime.version=1.8.0_77-b03, java.awt.graphicsenv=sun.awt.X11GraphicsEnvironment, java.endorsed.dirs=/usr/java/jdk1.8.0_77/jre/lib/endorsed, os.arch=amd64, java.io.tmpdir=/tmp, line.separator=
, java.vm.specification.vendor=Oracle Corporation, user.variant=, os.name=Linux, sun.jnu.encoding=UTF-8, java.library.path=/usr/java/packages/lib/amd64:/usr/lib64:/lib64:/lib:/usr/lib, java.specification.name=Java Platform API Specification, java.class.version=52.0, org.gradle.native=false, sun.management.compiler=HotSpot 64-Bit Tiered Compilers, os.version=4.16.6-202.fc27.x86_64, user.home=/home/arthurluckwu, user.timezone=America/Recife, java.awt.printerjob=sun.print.PSPrinterJob, file.encoding=UTF-8, java.specification.version=1.8, java.class.path=/var/www/workspace/cdt/credito/build/classes/java/test:/var/www/workspace/cdt/credito/build/resources/test:/var/www/workspace/cdt/credito/build/classes/java/main:/var/www/workspace/cdt/credito/build/resources/main:/home/arthurluckwu/.gradle/caches/modules-2/files-2.1/io.springfox/springfox-swagger2/2.5.0/b5f50caa259409ef25930d00c3cd48ba44afb97a/springfox-swagger2-2.5.0.jar:/home/arthurluckwu/.gradle/caches/modules-2/files-2.1/io.springfox/springfox-bean-validators/2.5.0/da1d452831cca4a75c7343cfa4f2a699a3861375/springfox-bean-validators-2.5.0.jar:/home/arthurluckwu/.gradle/caches/modules-2/files-2.1/io.springfox/springfox-swagger-ui/2.5.0/6f7838c1d208edb5c3de2bce2232969623dac88b/springfox-swagger-ui-2.5.0.jar:/home/arthurluckwu/.gradle/caches/modules-2/files-2.1/io.springfox/springfox-swagger-common/2.5.0/817f6b5cf4ee5304b762f57ab85d2d1a2ea1f32a/springfox-swagger-common-2.5.0.jar:/home/arthurluckwu/.gradle/caches/modules-2/files-2.1/io.swagger/swagger-models/1.5.9/7cc6e2b63619d826f9da4203630ab7add866a473/swagger-models-1.5.9.jar:/home/arthurluckwu/.gradle/caches/modules-2/files-2.1/io.swagger/swagger-annotations/1.5.9/598403e3d21da08f8e46efb9f2b6d7b1bc0046d/swagger-annotations-1.5.9.jar:/home/arthurluckwu/.gradle/caches/modules-2/files-2.1/org.springframework.boot/spring-boot-starter-actuator/1.5.7.RELEASE/c8058080955524edbbacda602f25d1c5fdf2a3a9/spring-boot-starter-actuator-1.5.7.RELEASE.jar:/home/arthurluckwu/.gradle/caches/modules-2/files-2.1/org.springframework.boot/spring-boot-actuator-docs/1.5.7.RELEASE/3ea794bc8687e6232e5a414d4ef09121ad3db3b8/spring-boot-actuator-docs-1.5.7.RELEASE.jar:/home/arthurluckwu/.gradle/caches/modules-2/files-2.1/org.springframework.boot/spring-boot-starter-data-jpa/1.5.7.RELEASE/ccdf14487724b7c1343e5d2605f7170c026e405/spring-boot-starter-data-jpa-1.5.7.RELEASE.jar:/home/arthurluckwu/.gradle/caches/modules-2/files-2.1/org.springframework.boot/spring-boot-starter-aop/1.5.7.RELEASE/189098a72ccc0cca07ea42d6715c10524b5a93d1/spring-boot-starter-aop-1.5.7.RELEASE.jar:/home/arthurluckwu/.gradle/caches/modules-2/files-2.1/org.springframework.boot/spring-boot-starter-cache/1.5.7.RELEASE/98480d5e70a79ff279ea0bb156f2d18222ba8211/spring-boot-starter-cache-1.5.7.RELEASE.jar:/home/arthurluckwu/.gradle/caches/modules-2/files-2.1/org.springframework.boot/spring-boot-starter-mail/1.5.7.RELEASE/469b7af6bb6058d63d059b9549b5dff1e91a6b0/spring-boot-starter-mail-1.5.7.RELEASE.jar:/home/arthurluckwu/.gradle/caches/modules-2/files-2.1/org.springframework.retry/spring-retry/1.2.1.RELEASE/c43fedb7dfc7e0483679c2f20e09776d98f0813f/spring-retry-1.2.1.RELEASE.jar:/home/arthurluckwu/.gradle/caches/modules-2/files-2.1/org.springframework.boot/spring-boot-starter-security/1.5.7.RELEASE/e680aa1a8990a6e98e7a843c88f0a8bc378bb4d/spring-boot-starter-security-1.5.7.RELEASE.jar:/home/arthurluckwu/.gradle/caches/modules-2/files-2.1/org.springframework.boot/spring-boot-starter-validation/1.5.7.RELEASE/a2e87bf66a1db8037e1feeba7e7063996fa72090/spring-boot-starter-validation-1.5.7.RELEASE.jar:/home/arthurluckwu/.gradle/caches/modules-2/files-2.1/org.springframework.boot/spring-boot-starter-websocket/1.5.7.RELEASE/dcc13d0985539b0da55c052094f838b8c9034ab6/spring-boot-starter-websocket-1.5.7.RELEASE.jar:/home/arthurluckwu/.gradle/caches/modules-2/files-2.1/org.springframework.boot/spring-boot-starter-web/1.5.7.RELEASE/a862305be8b7512a41f6768d825ed37251ccbbe0/spring-boot-starter-web-1.5.7.RELEASE.jar:/home/arthurluckwu/.gradle/caches/modules-2/files-2.1/org.springframework.session/spring-session/1.3.1.RELEASE/f4d6b02240ba39c8b028968c6cb536bb2dcdb20f/spring-session-1.3.1.RELEASE.jar:/home/arthurluckwu/.gradle/caches/modules-2/files-2.1/org.hibernate/hibernate-java8/5.0.12.Final/3c495f356f0d5f3aebd93902fd417834c125780f/hibernate-java8-5.0.12.Final.jar:/home/arthurluckwu/.gradle/caches/modules-2/files-2.1/org.flywaydb/flyway-core/3.2.1/88347e9a484152e9b80fbad7648d1b552a8cff78/flyway-core-3.2.1.jar:/home/arthurluckwu/.gradle/caches/modules-2/files-2.1/org.projectlombok/lombok/1.16.18/557d13dcb647038dc687390711ccb5c9b3ffbd60/lombok-1.16.18.jar:/home/arthurluckwu/.gradle/caches/modules-2/files-2.1/com.github.axet/kaptcha/0.0.9/622a97959f4510e89e35a5fce99c92c269adc27f/kaptcha-0.0.9.jar:/home/arthurluckwu/.gradle/caches/modules-2/files-2.1/org.passay/passay/1.1.0/a07f983bc5955777105d2e88143d88fc2287431b/passay-1.1.0.jar:/home/arthurluckwu/.gradle/caches/modules-2/files-2.1/org.audit4j/audit4j-core/2.4.1/5dbe26315d8b0805cbba73c091e99efb4f454ee7/audit4j-core-2.4.1.jar:/home/arthurluckwu/.gradle/caches/modules-2/files-2.1/org.audit4j/audit4j-spring/2.4.1/d196b3447f02f1dbf1bac1fa5e2515c2ef3f428b/audit4j-spring-2.4.1.jar:/home/arthurluckwu/.gradle/caches/modules-2/files-2.1/org.audit4j/audit4j-db/2.4.1/b5bc9c1c7af1e0bed85a1c4cf5fdda552848ca1f/audit4j-db-2.4.1.jar:/home/arthurluckwu/.gradle/caches/modules-2/files-2.1/org.springframework.boot/spring-boot-starter-tomcat/1.5.7.RELEASE/eae533e2a0111a51d812912acb3d3e2368736d1b/spring-boot-starter-tomcat-1.5.7.RELEASE.jar:/home/arthurluckwu/.gradle/caches/modules-2/files-2.1/org.postgresql/postgresql/9.4.1212.jre7/7101612950488be0ff6882bcc27aa0f0a4c202dd/postgresql-9.4.1212.jre7.jar:/home/arthurluckwu/.gradle/caches/modules-2/files-2.1/org.springframework.boot/spring-boot-devtools/1.5.7.RELEASE/f433b9ba2fcf598624b5ae930096523f8a22119b/spring-boot-devtools-1.5.7.RELEASE.jar:/home/arthurluckwu/.gradle/caches/modules-2/files-2.1/org.springframework.boot/spring-boot-starter-test/1.5.7.RELEASE/d23f37a72c2d4e46aba66bc69a649213f9cadeee/spring-boot-starter-test-1.5.7.RELEASE.jar:/home/arthurluckwu/.gradle/caches/modules-2/files-2.1/org.springframework.restdocs/spring-restdocs-mockmvc/1.1.3.RELEASE/1872dbe34889dafaec5aec016344e8875bbc1f92/spring-restdocs-mockmvc-1.1.3.RELEASE.jar:/home/arthurluckwu/.gradle/caches/modules-2/files-2.1/org.springframework.security/spring-security-test/4.2.3.RELEASE/f93339f597290d85a596f25a7841b9109b79ced6/spring-security-test-4.2.3.RELEASE.jar:/home/arthurluckwu/.gradle/caches/modules-2/files-2.1/io.springfox/springfox-schema/2.5.0/2716c322aff0cf2684715b6022f1edb7dacb8f67/springfox-schema-2.5.0.jar:/home/arthurluckwu/.gradle/caches/modules-2/files-2.1/io.springfox/springfox-spring-web/2.5.0/88adc4f0c85b06a9f47222ab68c6230a24d08ee0/springfox-spring-web-2.5.0.jar:/home/arthurluckwu/.gradle/caches/modules-2/files-2.1/io.springfox/springfox-spi/2.5.0/1b439a0b05feee1e1af8ca35c0d35b38096f7601/springfox-spi-2.5.0.jar:/home/arthurluckwu/.gradle/caches/modules-2/files-2.1/io.springfox/springfox-core/2.5.0/5b2310cd6b2cf584b81a14edf12e522abc966255/springfox-core-2.5.0.jar:/home/arthurluckwu/.gradle/caches/modules-2/files-2.1/com.google.guava/guava/19.0/6ce200f6b23222af3d8abb6b6459e6c44f4bb0e9/guava-19.0.jar:/home/arthurluckwu/.gradle/caches/modules-2/files-2.1/org.hibernate/hibernate-validator/5.3.5.Final/622a9bcef2eed6d41b5b8e0662c36212009e375/hibernate-validator-5.3.5.Final.jar:/home/arthurluckwu/.gradle/caches/modules-2/files-2.1/com.fasterxml/classmate/1.3.4/3d5f48f10bbe4eb7bd862f10c0583be2e0053c6/classmate-1.3.4.jar:/home/arthurluckwu/.gradle/caches/modules-2/files-2.1/org.springframework.plugin/spring-plugin-metadata/1.2.0.RELEASE/97223fc496b6cab31602eedbd4202aa4fff0d44f/spring-plugin-metadata-1.2.0.RELEASE.jar:/home/arthurluckwu/.gradle/caches/modules-2/files-2.1/org.springframework.plugin/spring-plugin-core/1.2.0.RELEASE/f380e7760032e7d929184f8ad8a33716b75c0657/spring-plugin-core-1.2.0.RELEASE.jar:/home/arthurluckwu/.gradle/caches/modules-2/files-2.1/org.springframework.hateoas/spring-hateoas/0.23.0.RELEASE/678ffa0798f417a794fea592dc8066e325611919/spring-hateoas-0.23.0.RELEASE.jar:/home/arthurluckwu/.gradle/caches/modules-2/files-2.1/org.springframework.data/spring-data-jpa/1.11.7.RELEASE/587051cc7d7a3ddfac6098d623a658abb2f15865/spring-data-jpa-1.11.7.RELEASE.jar:/home/arthurluckwu/.gradle/caches/modules-2/files-2.1/org.projectreactor/reactor-core/1.1.6.RELEASE/d87d0207c1091ffd564cbe7af7456160adcecd66/reactor-core-1.1.6.RELEASE.jar:/home/arthurluckwu/.gradle/caches/modules-2/files-2.1/com.zaxxer/HikariCP/2.5.1/b896b711e2d98fedf403de590559a123b5fbf1a6/HikariCP-2.5.1.jar:/home/arthurluckwu/.gradle/caches/modules-2/files-2.1/com.jayway.jsonpath/json-path/2.2.0/22290d17944bd239fabf5ac69005a60a7ecbbbcb/json-path-2.2.0.jar:/home/arthurluckwu/.gradle/caches/modules-2/files-2.1/org.springframework.data/spring-data-commons/1.13.7.RELEASE/cf4538abda1f0a9cf2323d6e4204df0130aeec73/spring-data-commons-1.13.7.RELEASE.jar:/home/arthurluckwu/.gradle/caches/modules-2/files-2.1/org.springframework.boot/spring-boot-starter-jdbc/1.5.7.RELEASE/98c652a5461ccbec70b55fd0f7815d9c9a37a082/spring-boot-starter-jdbc-1.5.7.RELEASE.jar:/home/arthurluckwu/.gradle/caches/modules-2/files-2.1/org.springframework.boot/spring-boot-starter/1.5.7.RELEASE/b42fe6962dd8b3be4ac8c1d7134d0ca2d0a35c7e/spring-boot-starter-1.5.7.RELEASE.jar:/home/arthurluckwu/.gradle/caches/modules-2/files-2.1/org.springframework.boot/spring-boot-starter-logging/1.5.7.RELEASE/c84c4ea09d7f789a0d5e936a961471e5dbd9295e/spring-boot-starter-logging-1.5.7.RELEASE.jar:/home/arthurluckwu/.gradle/caches/modules-2/files-2.1/org.slf4j/jcl-over-slf4j/1.7.25/f8c32b13ff142a513eeb5b6330b1588dcb2c0461/jcl-over-slf4j-1.7.25.jar:/home/arthurluckwu/.gradle/caches/modules-2/files-2.1/ch.qos.logback/logback-classic/1.1.11/ccedfbacef4a6515d2983e3f89ed753d5d4fb665/logback-classic-1.1.11.jar:/home/arthurluckwu/.gradle/caches/modules-2/files-2.1/org.slf4j/jul-to-slf4j/1.7.25/af5364cd6679bfffb114f0dec8a157aaa283b76/jul-to-slf4j-1.7.25.jar:/home/arthurluckwu/.gradle/caches/modules-2/files-2.1/org.slf4j/log4j-over-slf4j/1.7.25/a87bb47468f47ee7aabbd54f93e133d4215769c3/log4j-over-slf4j-1.7.25.jar:/home/arthurluckwu/.gradle/caches/modules-2/files-2.1/org.slf4j/slf4j-api/1.7.25/da76ca59f6a57ee3102f8f9bd9cee742973efa8a/slf4j-api-1.7.25.jar:/home/arthurluckwu/.gradle/caches/modules-2/files-2.1/org.mapstruct/mapstruct/1.0.0.Final/794bb2c7d3dd69211deb22857d92fb4c5361be3f/mapstruct-1.0.0.Final.jar:/home/arthurluckwu/.gradle/caches/modules-2/files-2.1/org.springframework.boot/spring-boot-actuator/1.5.7.RELEASE/ff3124e2359be5e6c0d9cc501bf214413a329fee/spring-boot-actuator-1.5.7.RELEASE.jar:/home/arthurluckwu/.gradle/caches/modules-2/files-2.1/org.springframework/spring-context-support/4.3.11.RELEASE/a74bdcbce2b35804cdfdac1ca820820100b5fd9b/spring-context-support-4.3.11.RELEASE.jar:/home/arthurluckwu/.gradle/caches/modules-2/files-2.1/org.springframework.security/spring-security-config/4.2.3.RELEASE/9f3771903616e33521836fd999d63efbfebf90d/spring-security-config-4.2.3.RELEASE.jar:/home/arthurluckwu/.gradle/caches/modules-2/files-2.1/org.springframework.security/spring-security-web/4.2.3.RELEASE/7a03e737484ca232d7146852f06d067ac21427ac/spring-security-web-4.2.3.RELEASE.jar:/home/arthurluckwu/.gradle/caches/modules-2/files-2.1/org.springframework/spring-webmvc/4.3.11.RELEASE/814f91ec4dc324e724bbe7cbc5045b234604c539/spring-webmvc-4.3.11.RELEASE.jar:/home/arthurluckwu/.gradle/caches/modules-2/files-2.1/org.springframework/spring-websocket/4.3.11.RELEASE/8ded98732aa6606535fc9d18e5c8dc3e3f2c059b/spring-websocket-4.3.11.RELEASE.jar:/home/arthurluckwu/.gradle/caches/modules-2/files-2.1/org.springframework.restdocs/spring-restdocs-core/1.1.3.RELEASE/aa6c3751d3d1b897172e9978865a558c69d7a3a9/spring-restdocs-core-1.1.3.RELEASE.jar:/home/arthurluckwu/.gradle/caches/modules-2/files-2.1/org.springframework/spring-web/4.3.11.RELEASE/50a3dfce550bdf9459dfb2c6282aa104b040258e/spring-web-4.3.11.RELEASE.jar:/home/arthurluckwu/.gradle/caches/modules-2/files-2.1/org.springframework/spring-messaging/4.3.11.RELEASE/1e99d0fcc51044594c1ffb484b997dcd864241f6/spring-messaging-4.3.11.RELEASE.jar:/home/arthurluckwu/.gradle/caches/modules-2/files-2.1/org.springframework.boot/spring-boot-test-autoconfigure/1.5.7.RELEASE/8bead16b97c9f1b5fe7c47f3e030dd9351a6974d/spring-boot-test-autoconfigure-1.5.7.RELEASE.jar:/home/arthurluckwu/.gradle/caches/modules-2/files-2.1/org.springframework.boot/spring-boot-autoconfigure/1.5.7.RELEASE/e83f1407ff991e9e7eb156f49fa19d868bb73289/spring-boot-autoconfigure-1.5.7.RELEASE.jar:/home/arthurluckwu/.gradle/caches/modules-2/files-2.1/org.springframework.boot/spring-boot-test/1.5.7.RELEASE/b8d77445d48f4320f404d8f13f4e5cb95bc36b30/spring-boot-test-1.5.7.RELEASE.jar:/home/arthurluckwu/.gradle/caches/modules-2/files-2.1/org.springframework.boot/spring-boot/1.5.7.RELEASE/1006870df7b3dc203df7ce84463c5dd7049fdaa4/spring-boot-1.5.7.RELEASE.jar:/home/arthurluckwu/.gradle/caches/modules-2/files-2.1/org.springframework/spring-test/4.3.11.RELEASE/cf765b5d6d6bdc38c67522ecae3fe9549da43e1/spring-test-4.3.11.RELEASE.jar:/home/arthurluckwu/.gradle/caches/modules-2/files-2.1/org.springframework.security/spring-security-core/4.2.3.RELEASE/5c0e47a47036c94d6fdd02696bf52be6d1adbd4d/spring-security-core-4.2.3.RELEASE.jar:/home/arthurluckwu/.gradle/caches/modules-2/files-2.1/org.springframework/spring-context/4.3.11.RELEASE/3efec2d7c7469d49108a2b21c3f15831f7297569/spring-context-4.3.11.RELEASE.jar:/home/arthurluckwu/.gradle/caches/modules-2/files-2.1/org.springframework/spring-aop/4.3.11.RELEASE/461d0bb58f1de30203d9331adf4b51de9554de5a/spring-aop-4.3.11.RELEASE.jar:/home/arthurluckwu/.gradle/caches/modules-2/files-2.1/org.springframework/spring-orm/4.3.11.RELEASE/7ba1b25ad62b29295aa90ae88f9f35e84861953c/spring-orm-4.3.11.RELEASE.jar:/home/arthurluckwu/.gradle/caches/modules-2/files-2.1/org.springframework/spring-jdbc/4.3.11.RELEASE/642ed7497d327f299caccb930af6b65e229864c4/spring-jdbc-4.3.11.RELEASE.jar:/home/arthurluckwu/.gradle/caches/modules-2/files-2.1/org.springframework/spring-tx/4.3.11.RELEASE/c931ee363d2269f03edfeb83d7d7fe23924ab8a1/spring-tx-4.3.11.RELEASE.jar:/home/arthurluckwu/.gradle/caches/modules-2/files-2.1/org.springframework/spring-beans/4.3.11.RELEASE/591cc35fd39292adae13f01aa13e978d0bb11936/spring-beans-4.3.11.RELEASE.jar:/home/arthurluckwu/.gradle/caches/modules-2/files-2.1/org.springframework/spring-expression/4.3.11.RELEASE/fca662a2fccdad90ec22b2aaecb021047dcbe249/spring-expression-4.3.11.RELEASE.jar:/home/arthurluckwu/.gradle/caches/modules-2/files-2.1/org.springframework/spring-core/4.3.11.RELEASE/eb30ed093f628279d3aead068fd478fa343f1dad/spring-core-4.3.11.RELEASE.jar:/home/arthurluckwu/.gradle/caches/modules-2/files-2.1/org.springframework/spring-aspects/4.3.11.RELEASE/38ab744d37aef58762a03dbe7ab1479070ebadc6/spring-aspects-4.3.11.RELEASE.jar:/home/arthurluckwu/.gradle/caches/modules-2/files-2.1/org.aspectj/aspectjweaver/1.8.10/e198c5fee28988c355f74e06461614eae36b2032/aspectjweaver-1.8.10.jar:/home/arthurluckwu/.gradle/caches/modules-2/files-2.1/org.hibernate/hibernate-entitymanager/5.0.12.Final/302a526f5058290e9cbd719a5caf9f248d344719/hibernate-entitymanager-5.0.12.Final.jar:/home/arthurluckwu/.gradle/caches/modules-2/files-2.1/org.hibernate/hibernate-core/5.0.12.Final/e58bf1c660e6706d8e2cbb53bae110f574366102/hibernate-core-5.0.12.Final.jar:/home/arthurluckwu/.gradle/caches/modules-2/files-2.1/javax.transaction/javax.transaction-api/1.2/d81aff979d603edd90dcd8db2abc1f4ce6479e3e/javax.transaction-api-1.2.jar:/home/arthurluckwu/.gradle/caches/modules-2/files-2.1/com.sun.mail/javax.mail/1.5.6/ab5daef2f881c42c8e280cbe918ec4d7fdfd7efe/javax.mail-1.5.6.jar:/home/arthurluckwu/.gradle/caches/modules-2/files-2.1/org.apache.tomcat.embed/tomcat-embed-el/8.5.20/42960f481a8a80f4ffd3b865c2232820e3565bf1/tomcat-embed-el-8.5.20.jar:/home/arthurluckwu/.gradle/caches/modules-2/files-2.1/com.fasterxml.jackson.core/jackson-databind/2.8.10/f7b83cb2bc4b88d53961e749e1ad32f49ef017b7/jackson-databind-2.8.10.jar:/home/arthurluckwu/.gradle/caches/modules-2/files-2.1/org.hibernate.common/hibernate-commons-annotations/5.0.1.Final/71e1cff3fcb20d3b3af4f3363c3ddb24d33c6879/hibernate-commons-annotations-5.0.1.Final.jar:/home/arthurluckwu/.gradle/caches/modules-2/files-2.1/org.jboss.logging/jboss-logging/3.3.1.Final/c46217ab74b532568c0ed31dc599db3048bd1b67/jboss-logging-3.3.1.Final.jar:/home/arthurluckwu/.gradle/caches/modules-2/files-2.1/com.jhlabs/filters/2.0.235/af6a2dfefef70f1ab2d7a8d1f8173f67e276b3f4/filters-2.0.235.jar:/home/arthurluckwu/.gradle/caches/modules-2/files-2.1/org.cryptacular/cryptacular/1.1.0/eabbba7a9379d531000debfba3c983f5071f7e60/cryptacular-1.1.0.jar:/home/arthurluckwu/.gradle/caches/modules-2/files-2.1/org.apache.commons/commons-lang3/3.4/5fe28b9518e58819180a43a850fbc0dd24b7c050/commons-lang3-3.4.jar:/home/arthurluckwu/.gradle/caches/modules-2/files-2.1/commons-net/commons-net/3.4/5e984db9554728564d58e90da5d90eff8ae8cf2d/commons-net-3.4.jar:/home/arthurluckwu/.gradle/caches/modules-2/files-2.1/com.esotericsoftware.yamlbeans/yamlbeans/1.09/8d96133e336cb6cc2b7e94e0e7b4a7ce1d2c3b33/yamlbeans-1.09.jar:/home/arthurluckwu/.gradle/caches/modules-2/files-2.1/com.thoughtworks.xstream/xstream/1.4.8/520d90f30f36a0d6ba2dc929d980831631ad6a92/xstream-1.4.8.jar:/home/arthurluckwu/.gradle/caches/modules-2/files-2.1/com.floreysoft/jmte/3.2.0/af5669431486d2af59be2151d0c94fa2199aec4/jmte-3.2.0.jar:/home/arthurluckwu/.gradle/caches/modules-2/files-2.1/javax.enterprise.concurrent/javax.enterprise.concurrent-api/1.0/c392610c40aa3e0e7b57c47a1b561d4b3f974fac/javax.enterprise.concurrent-api-1.0.jar:/home/arthurluckwu/.gradle/caches/modules-2/files-2.1/javax.management.j2ee/management-api/1.1-rev-1/8a2f1b74795096b6394d8cc9bf2dcd099abde6db/management-api-1.1-rev-1.jar:/home/arthurluckwu/.gradle/caches/modules-2/files-2.1/org.hsqldb/hsqldb/2.3.5/4f97fcbc10fecf6f048c3b65683781d031b9155e/hsqldb-2.3.5.jar:/home/arthurluckwu/.gradle/caches/modules-2/files-2.1/org.apache.tomcat.embed/tomcat-embed-websocket/8.5.20/4df9055507926a2651f691cc9964c50493a0ab29/tomcat-embed-websocket-8.5.20.jar:/home/arthurluckwu/.gradle/caches/modules-2/files-2.1/org.apache.tomcat.embed/tomcat-embed-core/8.5.20/b9026ee20f1f6a2b0fc3e51dd806d800901448b0/tomcat-embed-core-8.5.20.jar:/home/arthurluckwu/.gradle/caches/modules-2/files-2.1/junit/junit/4.12/2973d150c0dc1fefe998f834810d68f278ea58ec/junit-4.12.jar:/home/arthurluckwu/.gradle/caches/modules-2/files-2.1/org.assertj/assertj-core/2.6.0/b532c3fc4f66bcfee4989a3514f1cd56203a33ad/assertj-core-2.6.0.jar:/home/arthurluckwu/.gradle/caches/modules-2/files-2.1/org.mockito/mockito-core/1.10.19/e8546f5bef4e061d8dd73895b4e8f40e3fe6effe/mockito-core-1.10.19.jar:/home/arthurluckwu/.gradle/caches/modules-2/files-2.1/org.hamcrest/hamcrest-library/1.3/4785a3c21320980282f9f33d0d1264a69040538f/hamcrest-library-1.3.jar:/home/arthurluckwu/.gradle/caches/modules-2/files-2.1/org.hamcrest/hamcrest-core/1.3/42a25dc3219429f0e5d060061f71acb49bf010a0/hamcrest-core-1.3.jar:/home/arthurluckwu/.gradle/caches/modules-2/files-2.1/org.skyscreamer/jsonassert/1.4.0/9cdbb373a06f6513e51e8c545ee6a5e981463edb/jsonassert-1.4.0.jar:/home/arthurluckwu/.gradle/caches/modules-2/files-2.1/com.fasterxml.jackson.core/jackson-annotations/2.8.0/45b426f7796b741035581a176744d91090e2e6fb/jackson-annotations-2.8.0.jar:/home/arthurluckwu/.gradle/caches/modules-2/files-2.1/org.yaml/snakeyaml/1.17/7a27ea250c5130b2922b86dea63cbb1cc10a660c/snakeyaml-1.17.jar:/home/arthurluckwu/.gradle/caches/modules-2/files-2.1/org.apache.tomcat/tomcat-jdbc/8.5.20/10d0d288d837ddfc92096920e4571054a3934160/tomcat-jdbc-8.5.20.jar:/home/arthurluckwu/.gradle/caches/modules-2/files-2.1/org.hibernate.javax.persistence/hibernate-jpa-2.1-api/1.0.0.Final/5e731d961297e5a07290bfaf3db1fbc8bbbf405a/hibernate-jpa-2.1-api-1.0.0.Final.jar:/home/arthurluckwu/.gradle/caches/modules-2/files-2.1/org.javassist/javassist/3.21.0-GA/598244f595db5c5fb713731eddbb1c91a58d959b/javassist-3.21.0-GA.jar:/home/arthurluckwu/.gradle/caches/modules-2/files-2.1/antlr/antlr/2.7.7/83cd2cd674a217ade95a4bb83a8a14f351f48bd0/antlr-2.7.7.jar:/home/arthurluckwu/.gradle/caches/modules-2/files-2.1/org.jboss/jandex/2.0.0.Final/3e899258936f94649c777193e1be846387ed54b3/jandex-2.0.0.Final.jar:/home/arthurluckwu/.gradle/caches/modules-2/files-2.1/dom4j/dom4j/1.6.1/5d3ccc056b6f056dbf0dddfdf43894b9065a8f94/dom4j-1.6.1.jar:/home/arthurluckwu/.gradle/caches/modules-2/files-2.1/javax.activation/activation/1.1/e6cb541461c2834bdea3eb920f1884d1eb508b50/activation-1.1.jar:/home/arthurluckwu/.gradle/caches/modules-2/files-2.1/aopalliance/aopalliance/1.0/235ba8b489512805ac13a8f9ea77a1ca5ebe3e8/aopalliance-1.0.jar:/home/arthurluckwu/.gradle/caches/modules-2/files-2.1/javax.validation/validation-api/1.1.0.Final/8613ae82954779d518631e05daa73a6a954817d5/validation-api-1.1.0.Final.jar:/home/arthurluckwu/.gradle/caches/modules-2/files-2.1/com.fasterxml.jackson.core/jackson-core/2.8.10/eb21a035c66ad307e66ec8fce37f5d50fd62d039/jackson-core-2.8.10.jar:/home/arthurluckwu/.gradle/caches/modules-2/files-2.1/org.bouncycastle/bcprov-jdk15on/1.52/88a941faf9819d371e3174b5ed56a3f3f7d73269/bcprov-jdk15on-1.52.jar:/home/arthurluckwu/.gradle/caches/modules-2/files-2.1/xmlpull/xmlpull/1.1.3.1/2b8e230d2ab644e4ecaa94db7cdedbc40c805dfa/xmlpull-1.1.3.1.jar:/home/arthurluckwu/.gradle/caches/modules-2/files-2.1/xpp3/xpp3_min/1.1.4c/19d4e90b43059058f6e056f794f0ea4030d60b86/xpp3_min-1.1.4c.jar:/home/arthurluckwu/.gradle/caches/modules-2/files-2.1/com.goldmansachs/gs-collections/5.1.0/7114c5349c816ea645b1ea3ffcc21fa073cbabc/gs-collections-5.1.0.jar:/home/arthurluckwu/.gradle/caches/modules-2/files-2.1/com.lmax/disruptor/3.2.1/db375f499e32c3f06549e9addf8b1647123d6426/disruptor-3.2.1.jar:/home/arthurluckwu/.gradle/caches/modules-2/files-2.1/io.gatling/jsr166e/1.0/d1bf191a18dfe6e3157a4fbf6b527390d906ace6/jsr166e-1.0.jar:/home/arthurluckwu/.gradle/caches/modules-2/files-2.1/asm/asm/3.3.1/1d5f20b4ea675e6fab6ab79f1cd60ec268ddc015/asm-3.3.1.jar:/home/arthurluckwu/.gradle/caches/modules-2/files-2.1/javax.ejb/ejb-api/3.0-alpha-1/a2ebae0293db89b694c4249a7a51f92202d179a8/ejb-api-3.0-alpha-1.jar:/home/arthurluckwu/.gradle/caches/modules-2/files-2.1/net.minidev/json-smart/2.2.1/5b9e5df7a62d1279b70dc882b041d249c4f0b002/json-smart-2.2.1.jar:/home/arthurluckwu/.gradle/caches/modules-2/files-2.1/org.objenesis/objenesis/2.1/87c0ea803b69252868d09308b4618f766f135a96/objenesis-2.1.jar:/home/arthurluckwu/.gradle/caches/modules-2/files-2.1/com.vaadin.external.google/android-json/0.0.20131108.vaadin1/fa26d351fe62a6a17f5cda1287c1c6110dec413f/android-json-0.0.20131108.vaadin1.jar:/home/arthurluckwu/.gradle/caches/modules-2/files-2.1/javax.servlet/javax.servlet-api/3.1.0/3cd63d075497751784b2fa84be59432f4905bf7c/javax.servlet-api-3.1.0.jar:/home/arthurluckwu/.gradle/caches/modules-2/files-2.1/org.apache.tomcat/tomcat-juli/8.5.20/6c0579d329696059f377585d2a51455bf083d9ee/tomcat-juli-8.5.20.jar:/home/arthurluckwu/.gradle/caches/modules-2/files-2.1/com.goldmansachs/gs-collections-api/5.1.0/ea605cdf64cab5fc7b48c99f061d4c8db05b6ff1/gs-collections-api-5.1.0.jar:/home/arthurluckwu/.gradle/caches/modules-2/files-2.1/javax.transaction/transaction-api/1.1/2ca09f0b36ca7d71b762e14ea2ff09d5eac57558/transaction-api-1.1.jar:/home/arthurluckwu/.gradle/caches/modules-2/files-2.1/javax.xml/jaxrpc-api/1.1/64e6fa9461f714ab2c1a66d552e3200e66d2510b/jaxrpc-api-1.1.jar:/home/arthurluckwu/.gradle/caches/modules-2/files-2.1/net.minidev/accessors-smart/1.1/a527213f2fea112a04c9bdf0ec0264e34104cd08/accessors-smart-1.1.jar:/home/arthurluckwu/.gradle/caches/modules-2/files-2.1/ch.qos.logback/logback-core/1.1.11/88b8df40340eed549fb07e2613879bf6b006704d/logback-core-1.1.11.jar:/home/arthurluckwu/.gradle/caches/modules-2/files-2.1/org.ow2.asm/asm/5.0.3/dcc2193db20e19e1feca8b1240dbbc4e190824fa/asm-5.0.3.jar, user.name=arthurluckwu, java.vm.specification.version=1.8, sun.java.command=worker.org.gradle.process.internal.worker.GradleWorkerMain 'Gradle Test Executor 5', java.home=/usr/java/jdk1.8.0_77/jre, sun.arch.data.model=64, user.language=pt, java.specification.vendor=Oracle Corporation, awt.toolkit=sun.awt.X11.XToolkit, java.vm.info=mixed mode, java.version=1.8.0_77, java.ext.dirs=/usr/java/jdk1.8.0_77/jre/lib/ext:/usr/java/packages/lib/ext, sun.boot.class.path=/usr/java/jdk1.8.0_77/jre/lib/resources.jar:/usr/java/jdk1.8.0_77/jre/lib/rt.jar:/usr/java/jdk1.8.0_77/jre/lib/sunrsasign.jar:/usr/java/jdk1.8.0_77/jre/lib/jsse.jar:/usr/java/jdk1.8.0_77/jre/lib/jce.jar:/usr/java/jdk1.8.0_77/jre/lib/charsets.jar:/usr/java/jdk1.8.0_77/jre/lib/jfr.jar:/usr/java/jdk1.8.0_77/jre/classes, java.vendor=Oracle Corporation, org.gradle.test.worker=5, file.separator=/, java.vendor.url.bug=http://bugreport.sun.com/bugreport/, sun.io.unicode.encoding=UnicodeLittle, sun.cpu.endian=little, sun.cpu.isalist=}}, SystemEnvironmentPropertySource@872644028 {name='systemEnvironment', properties={PATH=/usr/lib64/qt-3.3/bin:/usr/local/bin:/usr/local/sbin:/usr/bin:/usr/sbin:/opt/gradle/latest/bin:/opt/gradle-2.12/bin:/opt/gradle-4.3.1/bin:/opt/gradle-4.3.1/bin:/home/arthurluckwu/.local/bin:/home/arthurluckwu/bin:/opt/gradle/latest/bin:/opt/gradle-2.12/bin:/opt/gradle-4.3.1/bin:/opt/gradle-4.3.1/bin, XAUTHORITY=/run/user/1000/gdm/Xauthority, IMSETTINGS_MODULE=X compose table, HISTCONTROL=ignoredups, XMODIFIERS=@im=none, GDMSESSION=plasma, XDG_DATA_DIRS=/home/arthurluckwu/.local/share/flatpak/exports/share/:/var/lib/flatpak/exports/share/:/usr/local/share/:/usr/share/, GTK_IM_MODULE=xim, MODULEPATH=/etc/scl/modulefiles:/etc/scl/modulefiles:/usr/share/Modules/modulefiles:/etc/modulefiles:/usr/share/modulefiles, DBUS_SESSION_BUS_ADDRESS=unix:path=/run/user/1000/bus, ANDROID_HOME=/home/arthurluckwu/Android/Sdk, XDG_CURRENT_DESKTOP=KDE, QT_AUTO_SCREEN_SCALE_FACTOR=0, JOURNAL_STREAM=9:41668, MAIL=/var/spool/mail/arthurluckwu, SSH_AGENT_PID=2944, COLORTERM=truecolor, SESSION_MANAGER=local/unix:@/tmp/.ICE-unix/3024,unix/unix:/tmp/.ICE-unix/3024, USERNAME=arthurluckwu, LOGNAME=arthurluckwu, KONSOLE_DBUS_SERVICE=:1.172, PROFILEHOME=, PWD=/var/www/workspace/cdt/credito, XCURSOR_THEME=breeze_cursors, LANGUAGE=, WINDOWID=106954758, KDE_SESSION_VERSION=5, LESSOPEN=||/usr/bin/lesspipe.sh %s, SHELL=/bin/bash, GRADLE_INSTALLED_VERSION=4.3.1, KONSOLE_DBUS_SESSION=/Sessions/1, QTINC=/usr/lib64/qt-3.3/include, OLDPWD=/opt/gradle/latest, NWHOME=/var/www/workspace/nwjs-sdk-v0.23.1-linux-x64, KDE_FULL_SESSION=true, BASH_FUNC_scl%%=() {  if [ "$1" = "load" -o "$1" = "unload" ]; then
 eval "module $@";
 else
 /usr/bin/scl "$@";
 fi
}, SSH_ASKPASS=/usr/bin/ksshaskpass, IMSETTINGS_INTEGRATE_DESKTOP=yes, COLORFGBG=15;0, XDG_SESSION_DESKTOP=plasma, LS_COLORS=rs=0:di=38;5;33:ln=38;5;51:mh=00:pi=40;38;5;11:so=38;5;13:do=38;5;5:bd=48;5;232;38;5;11:cd=48;5;232;38;5;3:or=48;5;232;38;5;9:mi=01;05;37;41:su=48;5;196;38;5;15:sg=48;5;11;38;5;16:ca=48;5;196;38;5;226:tw=48;5;10;38;5;16:ow=48;5;10;38;5;21:st=48;5;21;38;5;15:ex=38;5;40:*.tar=38;5;9:*.tgz=38;5;9:*.arc=38;5;9:*.arj=38;5;9:*.taz=38;5;9:*.lha=38;5;9:*.lz4=38;5;9:*.lzh=38;5;9:*.lzma=38;5;9:*.tlz=38;5;9:*.txz=38;5;9:*.tzo=38;5;9:*.t7z=38;5;9:*.zip=38;5;9:*.z=38;5;9:*.Z=38;5;9:*.dz=38;5;9:*.gz=38;5;9:*.lrz=38;5;9:*.lz=38;5;9:*.lzo=38;5;9:*.xz=38;5;9:*.zst=38;5;9:*.tzst=38;5;9:*.bz2=38;5;9:*.bz=38;5;9:*.tbz=38;5;9:*.tbz2=38;5;9:*.tz=38;5;9:*.deb=38;5;9:*.rpm=38;5;9:*.jar=38;5;9:*.war=38;5;9:*.ear=38;5;9:*.sar=38;5;9:*.rar=38;5;9:*.alz=38;5;9:*.ace=38;5;9:*.zoo=38;5;9:*.cpio=38;5;9:*.7z=38;5;9:*.rz=38;5;9:*.cab=38;5;9:*.wim=38;5;9:*.swm=38;5;9:*.dwm=38;5;9:*.esd=38;5;9:*.jpg=38;5;13:*.jpeg=38;5;13:*.mjpg=38;5;13:*.mjpeg=38;5;13:*.gif=38;5;13:*.bmp=38;5;13:*.pbm=38;5;13:*.pgm=38;5;13:*.ppm=38;5;13:*.tga=38;5;13:*.xbm=38;5;13:*.xpm=38;5;13:*.tif=38;5;13:*.tiff=38;5;13:*.png=38;5;13:*.svg=38;5;13:*.svgz=38;5;13:*.mng=38;5;13:*.pcx=38;5;13:*.mov=38;5;13:*.mpg=38;5;13:*.mpeg=38;5;13:*.m2v=38;5;13:*.mkv=38;5;13:*.webm=38;5;13:*.ogm=38;5;13:*.mp4=38;5;13:*.m4v=38;5;13:*.mp4v=38;5;13:*.vob=38;5;13:*.qt=38;5;13:*.nuv=38;5;13:*.wmv=38;5;13:*.asf=38;5;13:*.rm=38;5;13:*.rmvb=38;5;13:*.flc=38;5;13:*.avi=38;5;13:*.fli=38;5;13:*.flv=38;5;13:*.gl=38;5;13:*.dl=38;5;13:*.xcf=38;5;13:*.xwd=38;5;13:*.yuv=38;5;13:*.cgm=38;5;13:*.emf=38;5;13:*.ogv=38;5;13:*.ogx=38;5;13:*.aac=38;5;45:*.au=38;5;45:*.flac=38;5;45:*.m4a=38;5;45:*.mid=38;5;45:*.midi=38;5;45:*.mka=38;5;45:*.mp3=38;5;45:*.mpc=38;5;45:*.ogg=38;5;45:*.ra=38;5;45:*.wav=38;5;45:*.oga=38;5;45:*.opus=38;5;45:*.spx=38;5;45:*.xspf=38;5;45:, SHLVL=3, LOADEDMODULES=, QT_IM_MODULE=xim, HISTSIZE=1000, JAVA_HOME=/usr/java/jdk1.8.0_77, KDE_SESSION_UID=1000, TERM=xterm-256color, XFILESEARCHPATH=/usr/dt/app-defaults/%L/Dt, XDG_CONFIG_DIRS=/etc/xdg:/usr/share/kde-settings/kde-profile/default/xdg, KONSOLE_DBUS_WINDOW=/Windows/1, LANG=pt_BR.UTF-8, XDG_SESSION_TYPE=x11, XDG_SESSION_ID=2, GRADLE_HOME=/opt/gradle-4.3.1, SHELL_SESSION_ID=d19cd61625b3402c9f9e35afdba8479c, DISPLAY=:0, BASH_FUNC_module%%=() {  eval `/usr/bin/modulecmd bash $*`
}, KONSOLE_PROFILE_NAME=Perfil 1, GDM_LANG=pt_BR.UTF-8, XCURSOR_SIZE=0, GDK_CORE_DEVICE_EVENTS=1, DESKTOP_SESSION=plasma, USER=arthurluckwu, GTK2_RC_FILES=/home/arthurluckwu/.gtkrc-2.0-kde4, XDG_MENU_PREFIX=kf5-, WINDOWPATH=2, XDG_SEAT=seat0, SSH_AUTH_SOCK=/tmp/ssh-xhGntCpotRGn/agent.2804, GS_LIB=, HOSTNAME=localhost.localdomain, MODULESHOME=/usr/share/Modules, QTDIR=/usr/lib64/qt-3.3, NLSPATH=/usr/dt/lib/nls/msg/%L/%N.cat, KDEDIRS=/usr, XDG_RUNTIME_DIR=/run/user/1000, XDG_VTNR=2, QTLIB=/usr/lib64/qt-3.3/lib, HOME=/home/arthurluckwu}}]
14:55:02.917 [Test worker] DEBUG org.springframework.core.io.support.PathMatchingResourcePatternResolver - Resolved classpath location [com/cdt/credito/] to resources [URL [file:/var/www/workspace/cdt/credito/build/classes/java/test/com/cdt/credito/], URL [file:/var/www/workspace/cdt/credito/build/classes/java/main/com/cdt/credito/]]
14:55:02.917 [Test worker] DEBUG org.springframework.core.io.support.PathMatchingResourcePatternResolver - Looking for matching resources in directory tree [/var/www/workspace/cdt/credito/build/classes/java/test/com/cdt/credito]
14:55:02.918 [Test worker] DEBUG org.springframework.core.io.support.PathMatchingResourcePatternResolver - Searching directory [/var/www/workspace/cdt/credito/build/classes/java/test/com/cdt/credito] for files matching pattern [/var/www/workspace/cdt/credito/build/classes/java/test/com/cdt/credito/*.class]
14:55:02.921 [Test worker] DEBUG org.springframework.core.io.support.PathMatchingResourcePatternResolver - Looking for matching resources in directory tree [/var/www/workspace/cdt/credito/build/classes/java/main/com/cdt/credito]
14:55:02.921 [Test worker] DEBUG org.springframework.core.io.support.PathMatchingResourcePatternResolver - Searching directory [/var/www/workspace/cdt/credito/build/classes/java/main/com/cdt/credito] for files matching pattern [/var/www/workspace/cdt/credito/build/classes/java/main/com/cdt/credito/*.class]
14:55:02.924 [Test worker] DEBUG org.springframework.core.io.support.PathMatchingResourcePatternResolver - Resolved location pattern [classpath*:com/cdt/credito/*.class] to resources [file [/var/www/workspace/cdt/credito/build/classes/java/test/com/cdt/credito/AuthControllerTest.class], file [/var/www/workspace/cdt/credito/build/classes/java/test/com/cdt/credito/CreditoApplicationTests.class], file [/var/www/workspace/cdt/credito/build/classes/java/main/com/cdt/credito/CreditoApplication.class], file [/var/www/workspace/cdt/credito/build/classes/java/main/com/cdt/credito/ServletInitializer.class]]
14:55:02.966 [Test worker] DEBUG org.springframework.context.annotation.ClassPathScanningCandidateComponentProvider - Identified candidate component class: file [/var/www/workspace/cdt/credito/build/classes/java/main/com/cdt/credito/CreditoApplication.class]
14:55:02.967 [Test worker] INFO org.springframework.boot.test.context.SpringBootTestContextBootstrapper - Found @SpringBootConfiguration com.cdt.credito.CreditoApplication for test class com.cdt.credito.AuthControllerTest
14:55:02.971 [Test worker] DEBUG org.springframework.boot.test.context.SpringBootTestContextBootstrapper - @TestExecutionListeners is not present for class [com.cdt.credito.AuthControllerTest]: using defaults.
14:55:02.978 [Test worker] INFO org.springframework.boot.test.context.SpringBootTestContextBootstrapper - Loaded default TestExecutionListener class names from location [META-INF/spring.factories]: [org.springframework.security.test.context.support.WithSecurityContextTestExecutionListener, org.springframework.boot.test.autoconfigure.restdocs.RestDocsTestExecutionListener, org.springframework.boot.test.autoconfigure.web.client.MockRestServiceServerResetTestExecutionListener, org.springframework.boot.test.autoconfigure.web.servlet.MockMvcPrintOnlyOnFailureTestExecutionListener, org.springframework.boot.test.autoconfigure.web.servlet.WebDriverTestExecutionListener, org.springframework.boot.test.mock.mockito.MockitoTestExecutionListener, org.springframework.boot.test.mock.mockito.ResetMocksTestExecutionListener, org.springframework.test.context.web.ServletTestExecutionListener, org.springframework.test.context.support.DirtiesContextBeforeModesTestExecutionListener, org.springframework.test.context.support.DependencyInjectionTestExecutionListener, org.springframework.test.context.support.DirtiesContextTestExecutionListener, org.springframework.test.context.transaction.TransactionalTestExecutionListener, org.springframework.test.context.jdbc.SqlScriptsTestExecutionListener]
14:55:02.998 [Test worker] INFO org.springframework.boot.test.context.SpringBootTestContextBootstrapper - Using TestExecutionListeners: [org.springframework.test.context.web.ServletTestExecutionListener@26740e, org.springframework.test.context.support.DirtiesContextBeforeModesTestExecutionListener@72ab2178, org.springframework.boot.test.autoconfigure.SpringBootDependencyInjectionTestExecutionListener@25f85719, org.springframework.test.context.support.DirtiesContextTestExecutionListener@f6384aa, org.springframework.test.context.transaction.TransactionalTestExecutionListener@3cd6074c, org.springframework.test.context.jdbc.SqlScriptsTestExecutionListener@17dd414f, org.springframework.security.test.context.support.WithSecurityContextTestExecutionListener@70fa8c32, org.springframework.boot.test.autoconfigure.restdocs.RestDocsTestExecutionListener@63af0053, org.springframework.boot.test.autoconfigure.web.servlet.MockMvcPrintOnlyOnFailureTestExecutionListener@6fcf970d, org.springframework.boot.test.mock.mockito.MockitoTestExecutionListener@12657482, org.springframework.boot.test.autoconfigure.web.client.MockRestServiceServerResetTestExecutionListener@36daf1e0, org.springframework.boot.test.autoconfigure.web.servlet.WebDriverTestExecutionListener@2decc2f0, org.springframework.boot.test.mock.mockito.ResetMocksTestExecutionListener@3e885fbf]
14:55:03.001 [Test worker] DEBUG org.springframework.test.annotation.ProfileValueUtils - Retrieved @ProfileValueSourceConfiguration [null] for test class [com.cdt.credito.AuthControllerTest]
14:55:03.002 [Test worker] DEBUG org.springframework.test.annotation.ProfileValueUtils - Retrieved ProfileValueSource type [class org.springframework.test.annotation.SystemProfileValueSource] for class [com.cdt.credito.AuthControllerTest]
14:55:03.003 [Test worker] DEBUG org.springframework.test.annotation.ProfileValueUtils - Retrieved @ProfileValueSourceConfiguration [null] for test class [com.cdt.credito.AuthControllerTest]
14:55:03.003 [Test worker] DEBUG org.springframework.test.annotation.ProfileValueUtils - Retrieved ProfileValueSource type [class org.springframework.test.annotation.SystemProfileValueSource] for class [com.cdt.credito.AuthControllerTest]
14:55:03.008 [Test worker] DEBUG org.springframework.test.context.support.AbstractDirtiesContextTestExecutionListener - Before test class: context [DefaultTestContext@21098ec8 testClass = AuthControllerTest, testInstance = [null], testMethod = [null], testException = [null], mergedContextConfiguration = [WebMergedContextConfiguration@47429466 testClass = AuthControllerTest, locations = '{}', classes = '{class com.cdt.credito.CreditoApplication}', contextInitializerClasses = '[]', activeProfiles = '{}', propertySourceLocations = '{}', propertySourceProperties = '{org.springframework.boot.test.context.SpringBootTestContextBootstrapper=true}', contextCustomizers = set[org.springframework.boot.test.autoconfigure.properties.PropertyMappingContextCustomizer@0, org.springframework.boot.test.autoconfigure.web.servlet.WebDriverContextCustomizerFactory$Customizer@1f8aa193, org.springframework.boot.test.context.SpringBootTestContextCustomizer@52e5fd2b, org.springframework.boot.test.context.filter.ExcludeFilterContextCustomizer@707862d, org.springframework.boot.test.json.DuplicateJsonObjectContextCustomizerFactory$DuplicateJsonObjectContextCustomizer@7b95a80e, org.springframework.boot.test.mock.mockito.MockitoContextCustomizer@0], resourceBasePath = 'src/main/webapp', contextLoader = 'org.springframework.boot.test.context.SpringBootContextLoader', parent = [null]]], class annotated with @DirtiesContext [false] with mode [null].
14:55:03.009 [Test worker] DEBUG org.springframework.test.annotation.ProfileValueUtils - Retrieved @ProfileValueSourceConfiguration [null] for test class [com.cdt.credito.AuthControllerTest]
14:55:03.009 [Test worker] DEBUG org.springframework.test.annotation.ProfileValueUtils - Retrieved ProfileValueSource type [class org.springframework.test.annotation.SystemProfileValueSource] for class [com.cdt.credito.AuthControllerTest]
14:55:03.077 [Test worker] DEBUG org.springframework.core.env.StandardEnvironment - Adding PropertySource 'systemProperties' with lowest search precedence
14:55:03.078 [Test worker] DEBUG org.springframework.core.env.StandardEnvironment - Adding PropertySource 'systemEnvironment' with lowest search precedence
14:55:03.078 [Test worker] DEBUG org.springframework.core.env.StandardEnvironment - Initialized StandardEnvironment with PropertySources [MapPropertySource@967899233 {name='systemProperties', properties={java.runtime.name=Java(TM) SE Runtime Environment, sun.boot.library.path=/usr/java/jdk1.8.0_77/jre/lib/amd64, java.vm.version=25.77-b03, java.vm.vendor=Oracle Corporation, java.vendor.url=http://java.oracle.com/, path.separator=:, java.vm.name=Java HotSpot(TM) 64-Bit Server VM, file.encoding.pkg=sun.io, sun.java.launcher=SUN_STANDARD, user.country=BR, sun.os.patch.level=unknown, java.vm.specification.name=Java Virtual Machine Specification, user.dir=/var/www/workspace/cdt/credito, java.runtime.version=1.8.0_77-b03, java.awt.graphicsenv=sun.awt.X11GraphicsEnvironment, java.endorsed.dirs=/usr/java/jdk1.8.0_77/jre/lib/endorsed, os.arch=amd64, java.io.tmpdir=/tmp, line.separator=
, java.vm.specification.vendor=Oracle Corporation, user.variant=, os.name=Linux, sun.jnu.encoding=UTF-8, java.library.path=/usr/java/packages/lib/amd64:/usr/lib64:/lib64:/lib:/usr/lib, java.specification.name=Java Platform API Specification, java.class.version=52.0, org.gradle.native=false, sun.management.compiler=HotSpot 64-Bit Tiered Compilers, os.version=4.16.6-202.fc27.x86_64, user.home=/home/arthurluckwu, user.timezone=America/Recife, java.awt.printerjob=sun.print.PSPrinterJob, file.encoding=UTF-8, java.specification.version=1.8, java.class.path=/var/www/workspace/cdt/credito/build/classes/java/test:/var/www/workspace/cdt/credito/build/resources/test:/var/www/workspace/cdt/credito/build/classes/java/main:/var/www/workspace/cdt/credito/build/resources/main:/home/arthurluckwu/.gradle/caches/modules-2/files-2.1/io.springfox/springfox-swagger2/2.5.0/b5f50caa259409ef25930d00c3cd48ba44afb97a/springfox-swagger2-2.5.0.jar:/home/arthurluckwu/.gradle/caches/modules-2/files-2.1/io.springfox/springfox-bean-validators/2.5.0/da1d452831cca4a75c7343cfa4f2a699a3861375/springfox-bean-validators-2.5.0.jar:/home/arthurluckwu/.gradle/caches/modules-2/files-2.1/io.springfox/springfox-swagger-ui/2.5.0/6f7838c1d208edb5c3de2bce2232969623dac88b/springfox-swagger-ui-2.5.0.jar:/home/arthurluckwu/.gradle/caches/modules-2/files-2.1/io.springfox/springfox-swagger-common/2.5.0/817f6b5cf4ee5304b762f57ab85d2d1a2ea1f32a/springfox-swagger-common-2.5.0.jar:/home/arthurluckwu/.gradle/caches/modules-2/files-2.1/io.swagger/swagger-models/1.5.9/7cc6e2b63619d826f9da4203630ab7add866a473/swagger-models-1.5.9.jar:/home/arthurluckwu/.gradle/caches/modules-2/files-2.1/io.swagger/swagger-annotations/1.5.9/598403e3d21da08f8e46efb9f2b6d7b1bc0046d/swagger-annotations-1.5.9.jar:/home/arthurluckwu/.gradle/caches/modules-2/files-2.1/org.springframework.boot/spring-boot-starter-actuator/1.5.7.RELEASE/c8058080955524edbbacda602f25d1c5fdf2a3a9/spring-boot-starter-actuator-1.5.7.RELEASE.jar:/home/arthurluckwu/.gradle/caches/modules-2/files-2.1/org.springframework.boot/spring-boot-actuator-docs/1.5.7.RELEASE/3ea794bc8687e6232e5a414d4ef09121ad3db3b8/spring-boot-actuator-docs-1.5.7.RELEASE.jar:/home/arthurluckwu/.gradle/caches/modules-2/files-2.1/org.springframework.boot/spring-boot-starter-data-jpa/1.5.7.RELEASE/ccdf14487724b7c1343e5d2605f7170c026e405/spring-boot-starter-data-jpa-1.5.7.RELEASE.jar:/home/arthurluckwu/.gradle/caches/modules-2/files-2.1/org.springframework.boot/spring-boot-starter-aop/1.5.7.RELEASE/189098a72ccc0cca07ea42d6715c10524b5a93d1/spring-boot-starter-aop-1.5.7.RELEASE.jar:/home/arthurluckwu/.gradle/caches/modules-2/files-2.1/org.springframework.boot/spring-boot-starter-cache/1.5.7.RELEASE/98480d5e70a79ff279ea0bb156f2d18222ba8211/spring-boot-starter-cache-1.5.7.RELEASE.jar:/home/arthurluckwu/.gradle/caches/modules-2/files-2.1/org.springframework.boot/spring-boot-starter-mail/1.5.7.RELEASE/469b7af6bb6058d63d059b9549b5dff1e91a6b0/spring-boot-starter-mail-1.5.7.RELEASE.jar:/home/arthurluckwu/.gradle/caches/modules-2/files-2.1/org.springframework.retry/spring-retry/1.2.1.RELEASE/c43fedb7dfc7e0483679c2f20e09776d98f0813f/spring-retry-1.2.1.RELEASE.jar:/home/arthurluckwu/.gradle/caches/modules-2/files-2.1/org.springframework.boot/spring-boot-starter-security/1.5.7.RELEASE/e680aa1a8990a6e98e7a843c88f0a8bc378bb4d/spring-boot-starter-security-1.5.7.RELEASE.jar:/home/arthurluckwu/.gradle/caches/modules-2/files-2.1/org.springframework.boot/spring-boot-starter-validation/1.5.7.RELEASE/a2e87bf66a1db8037e1feeba7e7063996fa72090/spring-boot-starter-validation-1.5.7.RELEASE.jar:/home/arthurluckwu/.gradle/caches/modules-2/files-2.1/org.springframework.boot/spring-boot-starter-websocket/1.5.7.RELEASE/dcc13d0985539b0da55c052094f838b8c9034ab6/spring-boot-starter-websocket-1.5.7.RELEASE.jar:/home/arthurluckwu/.gradle/caches/modules-2/files-2.1/org.springframework.boot/spring-boot-starter-web/1.5.7.RELEASE/a862305be8b7512a41f6768d825ed37251ccbbe0/spring-boot-starter-web-1.5.7.RELEASE.jar:/home/arthurluckwu/.gradle/caches/modules-2/files-2.1/org.springframework.session/spring-session/1.3.1.RELEASE/f4d6b02240ba39c8b028968c6cb536bb2dcdb20f/spring-session-1.3.1.RELEASE.jar:/home/arthurluckwu/.gradle/caches/modules-2/files-2.1/org.hibernate/hibernate-java8/5.0.12.Final/3c495f356f0d5f3aebd93902fd417834c125780f/hibernate-java8-5.0.12.Final.jar:/home/arthurluckwu/.gradle/caches/modules-2/files-2.1/org.flywaydb/flyway-core/3.2.1/88347e9a484152e9b80fbad7648d1b552a8cff78/flyway-core-3.2.1.jar:/home/arthurluckwu/.gradle/caches/modules-2/files-2.1/org.projectlombok/lombok/1.16.18/557d13dcb647038dc687390711ccb5c9b3ffbd60/lombok-1.16.18.jar:/home/arthurluckwu/.gradle/caches/modules-2/files-2.1/com.github.axet/kaptcha/0.0.9/622a97959f4510e89e35a5fce99c92c269adc27f/kaptcha-0.0.9.jar:/home/arthurluckwu/.gradle/caches/modules-2/files-2.1/org.passay/passay/1.1.0/a07f983bc5955777105d2e88143d88fc2287431b/passay-1.1.0.jar:/home/arthurluckwu/.gradle/caches/modules-2/files-2.1/org.audit4j/audit4j-core/2.4.1/5dbe26315d8b0805cbba73c091e99efb4f454ee7/audit4j-core-2.4.1.jar:/home/arthurluckwu/.gradle/caches/modules-2/files-2.1/org.audit4j/audit4j-spring/2.4.1/d196b3447f02f1dbf1bac1fa5e2515c2ef3f428b/audit4j-spring-2.4.1.jar:/home/arthurluckwu/.gradle/caches/modules-2/files-2.1/org.audit4j/audit4j-db/2.4.1/b5bc9c1c7af1e0bed85a1c4cf5fdda552848ca1f/audit4j-db-2.4.1.jar:/home/arthurluckwu/.gradle/caches/modules-2/files-2.1/org.springframework.boot/spring-boot-starter-tomcat/1.5.7.RELEASE/eae533e2a0111a51d812912acb3d3e2368736d1b/spring-boot-starter-tomcat-1.5.7.RELEASE.jar:/home/arthurluckwu/.gradle/caches/modules-2/files-2.1/org.postgresql/postgresql/9.4.1212.jre7/7101612950488be0ff6882bcc27aa0f0a4c202dd/postgresql-9.4.1212.jre7.jar:/home/arthurluckwu/.gradle/caches/modules-2/files-2.1/org.springframework.boot/spring-boot-devtools/1.5.7.RELEASE/f433b9ba2fcf598624b5ae930096523f8a22119b/spring-boot-devtools-1.5.7.RELEASE.jar:/home/arthurluckwu/.gradle/caches/modules-2/files-2.1/org.springframework.boot/spring-boot-starter-test/1.5.7.RELEASE/d23f37a72c2d4e46aba66bc69a649213f9cadeee/spring-boot-starter-test-1.5.7.RELEASE.jar:/home/arthurluckwu/.gradle/caches/modules-2/files-2.1/org.springframework.restdocs/spring-restdocs-mockmvc/1.1.3.RELEASE/1872dbe34889dafaec5aec016344e8875bbc1f92/spring-restdocs-mockmvc-1.1.3.RELEASE.jar:/home/arthurluckwu/.gradle/caches/modules-2/files-2.1/org.springframework.security/spring-security-test/4.2.3.RELEASE/f93339f597290d85a596f25a7841b9109b79ced6/spring-security-test-4.2.3.RELEASE.jar:/home/arthurluckwu/.gradle/caches/modules-2/files-2.1/io.springfox/springfox-schema/2.5.0/2716c322aff0cf2684715b6022f1edb7dacb8f67/springfox-schema-2.5.0.jar:/home/arthurluckwu/.gradle/caches/modules-2/files-2.1/io.springfox/springfox-spring-web/2.5.0/88adc4f0c85b06a9f47222ab68c6230a24d08ee0/springfox-spring-web-2.5.0.jar:/home/arthurluckwu/.gradle/caches/modules-2/files-2.1/io.springfox/springfox-spi/2.5.0/1b439a0b05feee1e1af8ca35c0d35b38096f7601/springfox-spi-2.5.0.jar:/home/arthurluckwu/.gradle/caches/modules-2/files-2.1/io.springfox/springfox-core/2.5.0/5b2310cd6b2cf584b81a14edf12e522abc966255/springfox-core-2.5.0.jar:/home/arthurluckwu/.gradle/caches/modules-2/files-2.1/com.google.guava/guava/19.0/6ce200f6b23222af3d8abb6b6459e6c44f4bb0e9/guava-19.0.jar:/home/arthurluckwu/.gradle/caches/modules-2/files-2.1/org.hibernate/hibernate-validator/5.3.5.Final/622a9bcef2eed6d41b5b8e0662c36212009e375/hibernate-validator-5.3.5.Final.jar:/home/arthurluckwu/.gradle/caches/modules-2/files-2.1/com.fasterxml/classmate/1.3.4/3d5f48f10bbe4eb7bd862f10c0583be2e0053c6/classmate-1.3.4.jar:/home/arthurluckwu/.gradle/caches/modules-2/files-2.1/org.springframework.plugin/spring-plugin-metadata/1.2.0.RELEASE/97223fc496b6cab31602eedbd4202aa4fff0d44f/spring-plugin-metadata-1.2.0.RELEASE.jar:/home/arthurluckwu/.gradle/caches/modules-2/files-2.1/org.springframework.plugin/spring-plugin-core/1.2.0.RELEASE/f380e7760032e7d929184f8ad8a33716b75c0657/spring-plugin-core-1.2.0.RELEASE.jar:/home/arthurluckwu/.gradle/caches/modules-2/files-2.1/org.springframework.hateoas/spring-hateoas/0.23.0.RELEASE/678ffa0798f417a794fea592dc8066e325611919/spring-hateoas-0.23.0.RELEASE.jar:/home/arthurluckwu/.gradle/caches/modules-2/files-2.1/org.springframework.data/spring-data-jpa/1.11.7.RELEASE/587051cc7d7a3ddfac6098d623a658abb2f15865/spring-data-jpa-1.11.7.RELEASE.jar:/home/arthurluckwu/.gradle/caches/modules-2/files-2.1/org.projectreactor/reactor-core/1.1.6.RELEASE/d87d0207c1091ffd564cbe7af7456160adcecd66/reactor-core-1.1.6.RELEASE.jar:/home/arthurluckwu/.gradle/caches/modules-2/files-2.1/com.zaxxer/HikariCP/2.5.1/b896b711e2d98fedf403de590559a123b5fbf1a6/HikariCP-2.5.1.jar:/home/arthurluckwu/.gradle/caches/modules-2/files-2.1/com.jayway.jsonpath/json-path/2.2.0/22290d17944bd239fabf5ac69005a60a7ecbbbcb/json-path-2.2.0.jar:/home/arthurluckwu/.gradle/caches/modules-2/files-2.1/org.springframework.data/spring-data-commons/1.13.7.RELEASE/cf4538abda1f0a9cf2323d6e4204df0130aeec73/spring-data-commons-1.13.7.RELEASE.jar:/home/arthurluckwu/.gradle/caches/modules-2/files-2.1/org.springframework.boot/spring-boot-starter-jdbc/1.5.7.RELEASE/98c652a5461ccbec70b55fd0f7815d9c9a37a082/spring-boot-starter-jdbc-1.5.7.RELEASE.jar:/home/arthurluckwu/.gradle/caches/modules-2/files-2.1/org.springframework.boot/spring-boot-starter/1.5.7.RELEASE/b42fe6962dd8b3be4ac8c1d7134d0ca2d0a35c7e/spring-boot-starter-1.5.7.RELEASE.jar:/home/arthurluckwu/.gradle/caches/modules-2/files-2.1/org.springframework.boot/spring-boot-starter-logging/1.5.7.RELEASE/c84c4ea09d7f789a0d5e936a961471e5dbd9295e/spring-boot-starter-logging-1.5.7.RELEASE.jar:/home/arthurluckwu/.gradle/caches/modules-2/files-2.1/org.slf4j/jcl-over-slf4j/1.7.25/f8c32b13ff142a513eeb5b6330b1588dcb2c0461/jcl-over-slf4j-1.7.25.jar:/home/arthurluckwu/.gradle/caches/modules-2/files-2.1/ch.qos.logback/logback-classic/1.1.11/ccedfbacef4a6515d2983e3f89ed753d5d4fb665/logback-classic-1.1.11.jar:/home/arthurluckwu/.gradle/caches/modules-2/files-2.1/org.slf4j/jul-to-slf4j/1.7.25/af5364cd6679bfffb114f0dec8a157aaa283b76/jul-to-slf4j-1.7.25.jar:/home/arthurluckwu/.gradle/caches/modules-2/files-2.1/org.slf4j/log4j-over-slf4j/1.7.25/a87bb47468f47ee7aabbd54f93e133d4215769c3/log4j-over-slf4j-1.7.25.jar:/home/arthurluckwu/.gradle/caches/modules-2/files-2.1/org.slf4j/slf4j-api/1.7.25/da76ca59f6a57ee3102f8f9bd9cee742973efa8a/slf4j-api-1.7.25.jar:/home/arthurluckwu/.gradle/caches/modules-2/files-2.1/org.mapstruct/mapstruct/1.0.0.Final/794bb2c7d3dd69211deb22857d92fb4c5361be3f/mapstruct-1.0.0.Final.jar:/home/arthurluckwu/.gradle/caches/modules-2/files-2.1/org.springframework.boot/spring-boot-actuator/1.5.7.RELEASE/ff3124e2359be5e6c0d9cc501bf214413a329fee/spring-boot-actuator-1.5.7.RELEASE.jar:/home/arthurluckwu/.gradle/caches/modules-2/files-2.1/org.springframework/spring-context-support/4.3.11.RELEASE/a74bdcbce2b35804cdfdac1ca820820100b5fd9b/spring-context-support-4.3.11.RELEASE.jar:/home/arthurluckwu/.gradle/caches/modules-2/files-2.1/org.springframework.security/spring-security-config/4.2.3.RELEASE/9f3771903616e33521836fd999d63efbfebf90d/spring-security-config-4.2.3.RELEASE.jar:/home/arthurluckwu/.gradle/caches/modules-2/files-2.1/org.springframework.security/spring-security-web/4.2.3.RELEASE/7a03e737484ca232d7146852f06d067ac21427ac/spring-security-web-4.2.3.RELEASE.jar:/home/arthurluckwu/.gradle/caches/modules-2/files-2.1/org.springframework/spring-webmvc/4.3.11.RELEASE/814f91ec4dc324e724bbe7cbc5045b234604c539/spring-webmvc-4.3.11.RELEASE.jar:/home/arthurluckwu/.gradle/caches/modules-2/files-2.1/org.springframework/spring-websocket/4.3.11.RELEASE/8ded98732aa6606535fc9d18e5c8dc3e3f2c059b/spring-websocket-4.3.11.RELEASE.jar:/home/arthurluckwu/.gradle/caches/modules-2/files-2.1/org.springframework.restdocs/spring-restdocs-core/1.1.3.RELEASE/aa6c3751d3d1b897172e9978865a558c69d7a3a9/spring-restdocs-core-1.1.3.RELEASE.jar:/home/arthurluckwu/.gradle/caches/modules-2/files-2.1/org.springframework/spring-web/4.3.11.RELEASE/50a3dfce550bdf9459dfb2c6282aa104b040258e/spring-web-4.3.11.RELEASE.jar:/home/arthurluckwu/.gradle/caches/modules-2/files-2.1/org.springframework/spring-messaging/4.3.11.RELEASE/1e99d0fcc51044594c1ffb484b997dcd864241f6/spring-messaging-4.3.11.RELEASE.jar:/home/arthurluckwu/.gradle/caches/modules-2/files-2.1/org.springframework.boot/spring-boot-test-autoconfigure/1.5.7.RELEASE/8bead16b97c9f1b5fe7c47f3e030dd9351a6974d/spring-boot-test-autoconfigure-1.5.7.RELEASE.jar:/home/arthurluckwu/.gradle/caches/modules-2/files-2.1/org.springframework.boot/spring-boot-autoconfigure/1.5.7.RELEASE/e83f1407ff991e9e7eb156f49fa19d868bb73289/spring-boot-autoconfigure-1.5.7.RELEASE.jar:/home/arthurluckwu/.gradle/caches/modules-2/files-2.1/org.springframework.boot/spring-boot-test/1.5.7.RELEASE/b8d77445d48f4320f404d8f13f4e5cb95bc36b30/spring-boot-test-1.5.7.RELEASE.jar:/home/arthurluckwu/.gradle/caches/modules-2/files-2.1/org.springframework.boot/spring-boot/1.5.7.RELEASE/1006870df7b3dc203df7ce84463c5dd7049fdaa4/spring-boot-1.5.7.RELEASE.jar:/home/arthurluckwu/.gradle/caches/modules-2/files-2.1/org.springframework/spring-test/4.3.11.RELEASE/cf765b5d6d6bdc38c67522ecae3fe9549da43e1/spring-test-4.3.11.RELEASE.jar:/home/arthurluckwu/.gradle/caches/modules-2/files-2.1/org.springframework.security/spring-security-core/4.2.3.RELEASE/5c0e47a47036c94d6fdd02696bf52be6d1adbd4d/spring-security-core-4.2.3.RELEASE.jar:/home/arthurluckwu/.gradle/caches/modules-2/files-2.1/org.springframework/spring-context/4.3.11.RELEASE/3efec2d7c7469d49108a2b21c3f15831f7297569/spring-context-4.3.11.RELEASE.jar:/home/arthurluckwu/.gradle/caches/modules-2/files-2.1/org.springframework/spring-aop/4.3.11.RELEASE/461d0bb58f1de30203d9331adf4b51de9554de5a/spring-aop-4.3.11.RELEASE.jar:/home/arthurluckwu/.gradle/caches/modules-2/files-2.1/org.springframework/spring-orm/4.3.11.RELEASE/7ba1b25ad62b29295aa90ae88f9f35e84861953c/spring-orm-4.3.11.RELEASE.jar:/home/arthurluckwu/.gradle/caches/modules-2/files-2.1/org.springframework/spring-jdbc/4.3.11.RELEASE/642ed7497d327f299caccb930af6b65e229864c4/spring-jdbc-4.3.11.RELEASE.jar:/home/arthurluckwu/.gradle/caches/modules-2/files-2.1/org.springframework/spring-tx/4.3.11.RELEASE/c931ee363d2269f03edfeb83d7d7fe23924ab8a1/spring-tx-4.3.11.RELEASE.jar:/home/arthurluckwu/.gradle/caches/modules-2/files-2.1/org.springframework/spring-beans/4.3.11.RELEASE/591cc35fd39292adae13f01aa13e978d0bb11936/spring-beans-4.3.11.RELEASE.jar:/home/arthurluckwu/.gradle/caches/modules-2/files-2.1/org.springframework/spring-expression/4.3.11.RELEASE/fca662a2fccdad90ec22b2aaecb021047dcbe249/spring-expression-4.3.11.RELEASE.jar:/home/arthurluckwu/.gradle/caches/modules-2/files-2.1/org.springframework/spring-core/4.3.11.RELEASE/eb30ed093f628279d3aead068fd478fa343f1dad/spring-core-4.3.11.RELEASE.jar:/home/arthurluckwu/.gradle/caches/modules-2/files-2.1/org.springframework/spring-aspects/4.3.11.RELEASE/38ab744d37aef58762a03dbe7ab1479070ebadc6/spring-aspects-4.3.11.RELEASE.jar:/home/arthurluckwu/.gradle/caches/modules-2/files-2.1/org.aspectj/aspectjweaver/1.8.10/e198c5fee28988c355f74e06461614eae36b2032/aspectjweaver-1.8.10.jar:/home/arthurluckwu/.gradle/caches/modules-2/files-2.1/org.hibernate/hibernate-entitymanager/5.0.12.Final/302a526f5058290e9cbd719a5caf9f248d344719/hibernate-entitymanager-5.0.12.Final.jar:/home/arthurluckwu/.gradle/caches/modules-2/files-2.1/org.hibernate/hibernate-core/5.0.12.Final/e58bf1c660e6706d8e2cbb53bae110f574366102/hibernate-core-5.0.12.Final.jar:/home/arthurluckwu/.gradle/caches/modules-2/files-2.1/javax.transaction/javax.transaction-api/1.2/d81aff979d603edd90dcd8db2abc1f4ce6479e3e/javax.transaction-api-1.2.jar:/home/arthurluckwu/.gradle/caches/modules-2/files-2.1/com.sun.mail/javax.mail/1.5.6/ab5daef2f881c42c8e280cbe918ec4d7fdfd7efe/javax.mail-1.5.6.jar:/home/arthurluckwu/.gradle/caches/modules-2/files-2.1/org.apache.tomcat.embed/tomcat-embed-el/8.5.20/42960f481a8a80f4ffd3b865c2232820e3565bf1/tomcat-embed-el-8.5.20.jar:/home/arthurluckwu/.gradle/caches/modules-2/files-2.1/com.fasterxml.jackson.core/jackson-databind/2.8.10/f7b83cb2bc4b88d53961e749e1ad32f49ef017b7/jackson-databind-2.8.10.jar:/home/arthurluckwu/.gradle/caches/modules-2/files-2.1/org.hibernate.common/hibernate-commons-annotations/5.0.1.Final/71e1cff3fcb20d3b3af4f3363c3ddb24d33c6879/hibernate-commons-annotations-5.0.1.Final.jar:/home/arthurluckwu/.gradle/caches/modules-2/files-2.1/org.jboss.logging/jboss-logging/3.3.1.Final/c46217ab74b532568c0ed31dc599db3048bd1b67/jboss-logging-3.3.1.Final.jar:/home/arthurluckwu/.gradle/caches/modules-2/files-2.1/com.jhlabs/filters/2.0.235/af6a2dfefef70f1ab2d7a8d1f8173f67e276b3f4/filters-2.0.235.jar:/home/arthurluckwu/.gradle/caches/modules-2/files-2.1/org.cryptacular/cryptacular/1.1.0/eabbba7a9379d531000debfba3c983f5071f7e60/cryptacular-1.1.0.jar:/home/arthurluckwu/.gradle/caches/modules-2/files-2.1/org.apache.commons/commons-lang3/3.4/5fe28b9518e58819180a43a850fbc0dd24b7c050/commons-lang3-3.4.jar:/home/arthurluckwu/.gradle/caches/modules-2/files-2.1/commons-net/commons-net/3.4/5e984db9554728564d58e90da5d90eff8ae8cf2d/commons-net-3.4.jar:/home/arthurluckwu/.gradle/caches/modules-2/files-2.1/com.esotericsoftware.yamlbeans/yamlbeans/1.09/8d96133e336cb6cc2b7e94e0e7b4a7ce1d2c3b33/yamlbeans-1.09.jar:/home/arthurluckwu/.gradle/caches/modules-2/files-2.1/com.thoughtworks.xstream/xstream/1.4.8/520d90f30f36a0d6ba2dc929d980831631ad6a92/xstream-1.4.8.jar:/home/arthurluckwu/.gradle/caches/modules-2/files-2.1/com.floreysoft/jmte/3.2.0/af5669431486d2af59be2151d0c94fa2199aec4/jmte-3.2.0.jar:/home/arthurluckwu/.gradle/caches/modules-2/files-2.1/javax.enterprise.concurrent/javax.enterprise.concurrent-api/1.0/c392610c40aa3e0e7b57c47a1b561d4b3f974fac/javax.enterprise.concurrent-api-1.0.jar:/home/arthurluckwu/.gradle/caches/modules-2/files-2.1/javax.management.j2ee/management-api/1.1-rev-1/8a2f1b74795096b6394d8cc9bf2dcd099abde6db/management-api-1.1-rev-1.jar:/home/arthurluckwu/.gradle/caches/modules-2/files-2.1/org.hsqldb/hsqldb/2.3.5/4f97fcbc10fecf6f048c3b65683781d031b9155e/hsqldb-2.3.5.jar:/home/arthurluckwu/.gradle/caches/modules-2/files-2.1/org.apache.tomcat.embed/tomcat-embed-websocket/8.5.20/4df9055507926a2651f691cc9964c50493a0ab29/tomcat-embed-websocket-8.5.20.jar:/home/arthurluckwu/.gradle/caches/modules-2/files-2.1/org.apache.tomcat.embed/tomcat-embed-core/8.5.20/b9026ee20f1f6a2b0fc3e51dd806d800901448b0/tomcat-embed-core-8.5.20.jar:/home/arthurluckwu/.gradle/caches/modules-2/files-2.1/junit/junit/4.12/2973d150c0dc1fefe998f834810d68f278ea58ec/junit-4.12.jar:/home/arthurluckwu/.gradle/caches/modules-2/files-2.1/org.assertj/assertj-core/2.6.0/b532c3fc4f66bcfee4989a3514f1cd56203a33ad/assertj-core-2.6.0.jar:/home/arthurluckwu/.gradle/caches/modules-2/files-2.1/org.mockito/mockito-core/1.10.19/e8546f5bef4e061d8dd73895b4e8f40e3fe6effe/mockito-core-1.10.19.jar:/home/arthurluckwu/.gradle/caches/modules-2/files-2.1/org.hamcrest/hamcrest-library/1.3/4785a3c21320980282f9f33d0d1264a69040538f/hamcrest-library-1.3.jar:/home/arthurluckwu/.gradle/caches/modules-2/files-2.1/org.hamcrest/hamcrest-core/1.3/42a25dc3219429f0e5d060061f71acb49bf010a0/hamcrest-core-1.3.jar:/home/arthurluckwu/.gradle/caches/modules-2/files-2.1/org.skyscreamer/jsonassert/1.4.0/9cdbb373a06f6513e51e8c545ee6a5e981463edb/jsonassert-1.4.0.jar:/home/arthurluckwu/.gradle/caches/modules-2/files-2.1/com.fasterxml.jackson.core/jackson-annotations/2.8.0/45b426f7796b741035581a176744d91090e2e6fb/jackson-annotations-2.8.0.jar:/home/arthurluckwu/.gradle/caches/modules-2/files-2.1/org.yaml/snakeyaml/1.17/7a27ea250c5130b2922b86dea63cbb1cc10a660c/snakeyaml-1.17.jar:/home/arthurluckwu/.gradle/caches/modules-2/files-2.1/org.apache.tomcat/tomcat-jdbc/8.5.20/10d0d288d837ddfc92096920e4571054a3934160/tomcat-jdbc-8.5.20.jar:/home/arthurluckwu/.gradle/caches/modules-2/files-2.1/org.hibernate.javax.persistence/hibernate-jpa-2.1-api/1.0.0.Final/5e731d961297e5a07290bfaf3db1fbc8bbbf405a/hibernate-jpa-2.1-api-1.0.0.Final.jar:/home/arthurluckwu/.gradle/caches/modules-2/files-2.1/org.javassist/javassist/3.21.0-GA/598244f595db5c5fb713731eddbb1c91a58d959b/javassist-3.21.0-GA.jar:/home/arthurluckwu/.gradle/caches/modules-2/files-2.1/antlr/antlr/2.7.7/83cd2cd674a217ade95a4bb83a8a14f351f48bd0/antlr-2.7.7.jar:/home/arthurluckwu/.gradle/caches/modules-2/files-2.1/org.jboss/jandex/2.0.0.Final/3e899258936f94649c777193e1be846387ed54b3/jandex-2.0.0.Final.jar:/home/arthurluckwu/.gradle/caches/modules-2/files-2.1/dom4j/dom4j/1.6.1/5d3ccc056b6f056dbf0dddfdf43894b9065a8f94/dom4j-1.6.1.jar:/home/arthurluckwu/.gradle/caches/modules-2/files-2.1/javax.activation/activation/1.1/e6cb541461c2834bdea3eb920f1884d1eb508b50/activation-1.1.jar:/home/arthurluckwu/.gradle/caches/modules-2/files-2.1/aopalliance/aopalliance/1.0/235ba8b489512805ac13a8f9ea77a1ca5ebe3e8/aopalliance-1.0.jar:/home/arthurluckwu/.gradle/caches/modules-2/files-2.1/javax.validation/validation-api/1.1.0.Final/8613ae82954779d518631e05daa73a6a954817d5/validation-api-1.1.0.Final.jar:/home/arthurluckwu/.gradle/caches/modules-2/files-2.1/com.fasterxml.jackson.core/jackson-core/2.8.10/eb21a035c66ad307e66ec8fce37f5d50fd62d039/jackson-core-2.8.10.jar:/home/arthurluckwu/.gradle/caches/modules-2/files-2.1/org.bouncycastle/bcprov-jdk15on/1.52/88a941faf9819d371e3174b5ed56a3f3f7d73269/bcprov-jdk15on-1.52.jar:/home/arthurluckwu/.gradle/caches/modules-2/files-2.1/xmlpull/xmlpull/1.1.3.1/2b8e230d2ab644e4ecaa94db7cdedbc40c805dfa/xmlpull-1.1.3.1.jar:/home/arthurluckwu/.gradle/caches/modules-2/files-2.1/xpp3/xpp3_min/1.1.4c/19d4e90b43059058f6e056f794f0ea4030d60b86/xpp3_min-1.1.4c.jar:/home/arthurluckwu/.gradle/caches/modules-2/files-2.1/com.goldmansachs/gs-collections/5.1.0/7114c5349c816ea645b1ea3ffcc21fa073cbabc/gs-collections-5.1.0.jar:/home/arthurluckwu/.gradle/caches/modules-2/files-2.1/com.lmax/disruptor/3.2.1/db375f499e32c3f06549e9addf8b1647123d6426/disruptor-3.2.1.jar:/home/arthurluckwu/.gradle/caches/modules-2/files-2.1/io.gatling/jsr166e/1.0/d1bf191a18dfe6e3157a4fbf6b527390d906ace6/jsr166e-1.0.jar:/home/arthurluckwu/.gradle/caches/modules-2/files-2.1/asm/asm/3.3.1/1d5f20b4ea675e6fab6ab79f1cd60ec268ddc015/asm-3.3.1.jar:/home/arthurluckwu/.gradle/caches/modules-2/files-2.1/javax.ejb/ejb-api/3.0-alpha-1/a2ebae0293db89b694c4249a7a51f92202d179a8/ejb-api-3.0-alpha-1.jar:/home/arthurluckwu/.gradle/caches/modules-2/files-2.1/net.minidev/json-smart/2.2.1/5b9e5df7a62d1279b70dc882b041d249c4f0b002/json-smart-2.2.1.jar:/home/arthurluckwu/.gradle/caches/modules-2/files-2.1/org.objenesis/objenesis/2.1/87c0ea803b69252868d09308b4618f766f135a96/objenesis-2.1.jar:/home/arthurluckwu/.gradle/caches/modules-2/files-2.1/com.vaadin.external.google/android-json/0.0.20131108.vaadin1/fa26d351fe62a6a17f5cda1287c1c6110dec413f/android-json-0.0.20131108.vaadin1.jar:/home/arthurluckwu/.gradle/caches/modules-2/files-2.1/javax.servlet/javax.servlet-api/3.1.0/3cd63d075497751784b2fa84be59432f4905bf7c/javax.servlet-api-3.1.0.jar:/home/arthurluckwu/.gradle/caches/modules-2/files-2.1/org.apache.tomcat/tomcat-juli/8.5.20/6c0579d329696059f377585d2a51455bf083d9ee/tomcat-juli-8.5.20.jar:/home/arthurluckwu/.gradle/caches/modules-2/files-2.1/com.goldmansachs/gs-collections-api/5.1.0/ea605cdf64cab5fc7b48c99f061d4c8db05b6ff1/gs-collections-api-5.1.0.jar:/home/arthurluckwu/.gradle/caches/modules-2/files-2.1/javax.transaction/transaction-api/1.1/2ca09f0b36ca7d71b762e14ea2ff09d5eac57558/transaction-api-1.1.jar:/home/arthurluckwu/.gradle/caches/modules-2/files-2.1/javax.xml/jaxrpc-api/1.1/64e6fa9461f714ab2c1a66d552e3200e66d2510b/jaxrpc-api-1.1.jar:/home/arthurluckwu/.gradle/caches/modules-2/files-2.1/net.minidev/accessors-smart/1.1/a527213f2fea112a04c9bdf0ec0264e34104cd08/accessors-smart-1.1.jar:/home/arthurluckwu/.gradle/caches/modules-2/files-2.1/ch.qos.logback/logback-core/1.1.11/88b8df40340eed549fb07e2613879bf6b006704d/logback-core-1.1.11.jar:/home/arthurluckwu/.gradle/caches/modules-2/files-2.1/org.ow2.asm/asm/5.0.3/dcc2193db20e19e1feca8b1240dbbc4e190824fa/asm-5.0.3.jar, user.name=arthurluckwu, java.vm.specification.version=1.8, sun.java.command=worker.org.gradle.process.internal.worker.GradleWorkerMain 'Gradle Test Executor 5', java.home=/usr/java/jdk1.8.0_77/jre, sun.arch.data.model=64, user.language=pt, java.specification.vendor=Oracle Corporation, awt.toolkit=sun.awt.X11.XToolkit, java.vm.info=mixed mode, java.version=1.8.0_77, java.ext.dirs=/usr/java/jdk1.8.0_77/jre/lib/ext:/usr/java/packages/lib/ext, sun.boot.class.path=/usr/java/jdk1.8.0_77/jre/lib/resources.jar:/usr/java/jdk1.8.0_77/jre/lib/rt.jar:/usr/java/jdk1.8.0_77/jre/lib/sunrsasign.jar:/usr/java/jdk1.8.0_77/jre/lib/jsse.jar:/usr/java/jdk1.8.0_77/jre/lib/jce.jar:/usr/java/jdk1.8.0_77/jre/lib/charsets.jar:/usr/java/jdk1.8.0_77/jre/lib/jfr.jar:/usr/java/jdk1.8.0_77/jre/classes, java.vendor=Oracle Corporation, org.gradle.test.worker=5, file.separator=/, java.vendor.url.bug=http://bugreport.sun.com/bugreport/, sun.io.unicode.encoding=UnicodeLittle, sun.cpu.endian=little, sun.cpu.isalist=}}, SystemEnvironmentPropertySource@37647478 {name='systemEnvironment', properties={PATH=/usr/lib64/qt-3.3/bin:/usr/local/bin:/usr/local/sbin:/usr/bin:/usr/sbin:/opt/gradle/latest/bin:/opt/gradle-2.12/bin:/opt/gradle-4.3.1/bin:/opt/gradle-4.3.1/bin:/home/arthurluckwu/.local/bin:/home/arthurluckwu/bin:/opt/gradle/latest/bin:/opt/gradle-2.12/bin:/opt/gradle-4.3.1/bin:/opt/gradle-4.3.1/bin, XAUTHORITY=/run/user/1000/gdm/Xauthority, IMSETTINGS_MODULE=X compose table, HISTCONTROL=ignoredups, XMODIFIERS=@im=none, GDMSESSION=plasma, XDG_DATA_DIRS=/home/arthurluckwu/.local/share/flatpak/exports/share/:/var/lib/flatpak/exports/share/:/usr/local/share/:/usr/share/, GTK_IM_MODULE=xim, MODULEPATH=/etc/scl/modulefiles:/etc/scl/modulefiles:/usr/share/Modules/modulefiles:/etc/modulefiles:/usr/share/modulefiles, DBUS_SESSION_BUS_ADDRESS=unix:path=/run/user/1000/bus, ANDROID_HOME=/home/arthurluckwu/Android/Sdk, XDG_CURRENT_DESKTOP=KDE, QT_AUTO_SCREEN_SCALE_FACTOR=0, JOURNAL_STREAM=9:41668, MAIL=/var/spool/mail/arthurluckwu, SSH_AGENT_PID=2944, COLORTERM=truecolor, SESSION_MANAGER=local/unix:@/tmp/.ICE-unix/3024,unix/unix:/tmp/.ICE-unix/3024, USERNAME=arthurluckwu, LOGNAME=arthurluckwu, KONSOLE_DBUS_SERVICE=:1.172, PROFILEHOME=, PWD=/var/www/workspace/cdt/credito, XCURSOR_THEME=breeze_cursors, LANGUAGE=, WINDOWID=106954758, KDE_SESSION_VERSION=5, LESSOPEN=||/usr/bin/lesspipe.sh %s, SHELL=/bin/bash, GRADLE_INSTALLED_VERSION=4.3.1, KONSOLE_DBUS_SESSION=/Sessions/1, QTINC=/usr/lib64/qt-3.3/include, OLDPWD=/opt/gradle/latest, NWHOME=/var/www/workspace/nwjs-sdk-v0.23.1-linux-x64, KDE_FULL_SESSION=true, BASH_FUNC_scl%%=() {  if [ "$1" = "load" -o "$1" = "unload" ]; then
 eval "module $@";
 else
 /usr/bin/scl "$@";
 fi
}, SSH_ASKPASS=/usr/bin/ksshaskpass, IMSETTINGS_INTEGRATE_DESKTOP=yes, COLORFGBG=15;0, XDG_SESSION_DESKTOP=plasma, LS_COLORS=rs=0:di=38;5;33:ln=38;5;51:mh=00:pi=40;38;5;11:so=38;5;13:do=38;5;5:bd=48;5;232;38;5;11:cd=48;5;232;38;5;3:or=48;5;232;38;5;9:mi=01;05;37;41:su=48;5;196;38;5;15:sg=48;5;11;38;5;16:ca=48;5;196;38;5;226:tw=48;5;10;38;5;16:ow=48;5;10;38;5;21:st=48;5;21;38;5;15:ex=38;5;40:*.tar=38;5;9:*.tgz=38;5;9:*.arc=38;5;9:*.arj=38;5;9:*.taz=38;5;9:*.lha=38;5;9:*.lz4=38;5;9:*.lzh=38;5;9:*.lzma=38;5;9:*.tlz=38;5;9:*.txz=38;5;9:*.tzo=38;5;9:*.t7z=38;5;9:*.zip=38;5;9:*.z=38;5;9:*.Z=38;5;9:*.dz=38;5;9:*.gz=38;5;9:*.lrz=38;5;9:*.lz=38;5;9:*.lzo=38;5;9:*.xz=38;5;9:*.zst=38;5;9:*.tzst=38;5;9:*.bz2=38;5;9:*.bz=38;5;9:*.tbz=38;5;9:*.tbz2=38;5;9:*.tz=38;5;9:*.deb=38;5;9:*.rpm=38;5;9:*.jar=38;5;9:*.war=38;5;9:*.ear=38;5;9:*.sar=38;5;9:*.rar=38;5;9:*.alz=38;5;9:*.ace=38;5;9:*.zoo=38;5;9:*.cpio=38;5;9:*.7z=38;5;9:*.rz=38;5;9:*.cab=38;5;9:*.wim=38;5;9:*.swm=38;5;9:*.dwm=38;5;9:*.esd=38;5;9:*.jpg=38;5;13:*.jpeg=38;5;13:*.mjpg=38;5;13:*.mjpeg=38;5;13:*.gif=38;5;13:*.bmp=38;5;13:*.pbm=38;5;13:*.pgm=38;5;13:*.ppm=38;5;13:*.tga=38;5;13:*.xbm=38;5;13:*.xpm=38;5;13:*.tif=38;5;13:*.tiff=38;5;13:*.png=38;5;13:*.svg=38;5;13:*.svgz=38;5;13:*.mng=38;5;13:*.pcx=38;5;13:*.mov=38;5;13:*.mpg=38;5;13:*.mpeg=38;5;13:*.m2v=38;5;13:*.mkv=38;5;13:*.webm=38;5;13:*.ogm=38;5;13:*.mp4=38;5;13:*.m4v=38;5;13:*.mp4v=38;5;13:*.vob=38;5;13:*.qt=38;5;13:*.nuv=38;5;13:*.wmv=38;5;13:*.asf=38;5;13:*.rm=38;5;13:*.rmvb=38;5;13:*.flc=38;5;13:*.avi=38;5;13:*.fli=38;5;13:*.flv=38;5;13:*.gl=38;5;13:*.dl=38;5;13:*.xcf=38;5;13:*.xwd=38;5;13:*.yuv=38;5;13:*.cgm=38;5;13:*.emf=38;5;13:*.ogv=38;5;13:*.ogx=38;5;13:*.aac=38;5;45:*.au=38;5;45:*.flac=38;5;45:*.m4a=38;5;45:*.mid=38;5;45:*.midi=38;5;45:*.mka=38;5;45:*.mp3=38;5;45:*.mpc=38;5;45:*.ogg=38;5;45:*.ra=38;5;45:*.wav=38;5;45:*.oga=38;5;45:*.opus=38;5;45:*.spx=38;5;45:*.xspf=38;5;45:, SHLVL=3, LOADEDMODULES=, QT_IM_MODULE=xim, HISTSIZE=1000, JAVA_HOME=/usr/java/jdk1.8.0_77, KDE_SESSION_UID=1000, TERM=xterm-256color, XFILESEARCHPATH=/usr/dt/app-defaults/%L/Dt, XDG_CONFIG_DIRS=/etc/xdg:/usr/share/kde-settings/kde-profile/default/xdg, KONSOLE_DBUS_WINDOW=/Windows/1, LANG=pt_BR.UTF-8, XDG_SESSION_TYPE=x11, XDG_SESSION_ID=2, GRADLE_HOME=/opt/gradle-4.3.1, SHELL_SESSION_ID=d19cd61625b3402c9f9e35afdba8479c, DISPLAY=:0, BASH_FUNC_module%%=() {  eval `/usr/bin/modulecmd bash $*`
}, KONSOLE_PROFILE_NAME=Perfil 1, GDM_LANG=pt_BR.UTF-8, XCURSOR_SIZE=0, GDK_CORE_DEVICE_EVENTS=1, DESKTOP_SESSION=plasma, USER=arthurluckwu, GTK2_RC_FILES=/home/arthurluckwu/.gtkrc-2.0-kde4, XDG_MENU_PREFIX=kf5-, WINDOWPATH=2, XDG_SEAT=seat0, SSH_AUTH_SOCK=/tmp/ssh-xhGntCpotRGn/agent.2804, GS_LIB=, HOSTNAME=localhost.localdomain, MODULESHOME=/usr/share/Modules, QTDIR=/usr/lib64/qt-3.3, NLSPATH=/usr/dt/lib/nls/msg/%L/%N.cat, KDEDIRS=/usr, XDG_RUNTIME_DIR=/run/user/1000, XDG_VTNR=2, QTLIB=/usr/lib64/qt-3.3/lib, HOME=/home/arthurluckwu}}]
14:55:03.082 [Test worker] DEBUG org.springframework.core.env.MutablePropertySources - Adding PropertySource 'inline' with highest search precedence
14:55:03.089 [Test worker] DEBUG org.springframework.test.context.support.TestPropertySourceUtils - Adding inlined properties to environment: {spring.jmx.enabled=false, org.springframework.boot.test.context.SpringBootTestContextBootstrapper=true, server.port=-1}
14:55:03.089 [Test worker] DEBUG org.springframework.core.env.StandardEnvironment - Adding PropertySource 'Inlined Test Properties' with highest search precedence

  .   ____          _            __ _ _
 /\\ / ___'_ __ _ _(_)_ __  __ _ \ \ \ \
( ( )\___ | '_ | '_| | '_ \/ _` | \ \ \ \
 \\/  ___)| |_)| | | | | || (_| |  ) ) ) )
  '  |____| .__|_| |_|_| |_\__, | / / / /
 =========|_|==============|___/=/_/_/_/
 :: Spring Boot ::        (v1.5.7.RELEASE)

2018-05-21 14:55:03.456  INFO 29764 --- [    Test worker] com.cdt.credito.AuthControllerTest       : Starting AuthControllerTest on localhost.localdomain with PID 29764 (started by arthurluckwu in /var/www/workspace/cdt/credito)
2018-05-21 14:55:03.458  INFO 29764 --- [    Test worker] com.cdt.credito.AuthControllerTest       : No active profile set, falling back to default profiles: default
2018-05-21 14:55:03.496  INFO 29764 --- [    Test worker] o.s.w.c.s.GenericWebApplicationContext   : Refreshing org.springframework.web.context.support.GenericWebApplicationContext@65b3189f: startup date [Mon May 21 14:55:03 BRT 2018]; root of context hierarchy
2018-05-21 14:55:05.037  INFO 29764 --- [    Test worker] o.s.b.f.s.DefaultListableBeanFactory     : Overriding bean definition for bean 'dataSource' with a different definition: replacing [Root bean: class [null]; scope=; abstract=false; lazyInit=false; autowireMode=3; dependencyCheck=0; autowireCandidate=true; primary=false; factoryBeanName=org.springframework.boot.autoconfigure.jdbc.DataSourceConfiguration$Hikari; factoryMethodName=dataSource; initMethodName=null; destroyMethodName=(inferred); defined in class path resource [org/springframework/boot/autoconfigure/jdbc/DataSourceConfiguration$Hikari.class]] with [Root bean: class [null]; scope=; abstract=false; lazyInit=false; autowireMode=3; dependencyCheck=0; autowireCandidate=true; primary=false; factoryBeanName=org.springframework.boot.autoconfigure.jdbc.DataSourceConfiguration$Tomcat; factoryMethodName=dataSource; initMethodName=null; destroyMethodName=(inferred); defined in class path resource [org/springframework/boot/autoconfigure/jdbc/DataSourceConfiguration$Tomcat.class]]
2018-05-21 14:55:05.179  INFO 29764 --- [    Test worker] o.s.b.f.s.DefaultListableBeanFactory     : Overriding bean definition for bean 'managementServletContext' with a different definition: replacing [Root bean: class [null]; scope=; abstract=false; lazyInit=false; autowireMode=3; dependencyCheck=0; autowireCandidate=true; primary=false; factoryBeanName=org.springframework.boot.actuate.autoconfigure.EndpointWebMvcHypermediaManagementContextConfiguration; factoryMethodName=managementServletContext; initMethodName=null; destroyMethodName=(inferred); defined in class path resource [org/springframework/boot/actuate/autoconfigure/EndpointWebMvcHypermediaManagementContextConfiguration.class]] with [Root bean: class [null]; scope=; abstract=false; lazyInit=false; autowireMode=3; dependencyCheck=0; autowireCandidate=true; primary=false; factoryBeanName=org.springframework.boot.actuate.autoconfigure.EndpointWebMvcAutoConfiguration; factoryMethodName=managementServletContext; initMethodName=null; destroyMethodName=(inferred); defined in class path resource [org/springframework/boot/actuate/autoconfigure/EndpointWebMvcAutoConfiguration.class]]
2018-05-21 14:55:06.921  INFO 29764 --- [    Test worker] trationDelegate$BeanPostProcessorChecker : Bean 'org.springframework.transaction.annotation.ProxyTransactionManagementConfiguration' of type [org.springframework.transaction.annotation.ProxyTransactionManagementConfiguration$$EnhancerBySpringCGLIB$$ecebac8f] is not eligible for getting processed by all BeanPostProcessors (for example: not eligible for auto-proxying)
2018-05-21 14:55:07.693  INFO 29764 --- [    Test worker] o.f.core.internal.util.VersionPrinter    : Flyway 3.2.1 by Boxfuse
2018-05-21 14:55:07.865  INFO 29764 --- [    Test worker] o.f.c.i.dbsupport.DbSupportFactory       : Database: jdbc:postgresql://127.0.0.1:5432/credito (PostgreSQL 9.6)
2018-05-21 14:55:07.918  INFO 29764 --- [    Test worker] o.f.core.internal.command.DbValidate     : Validated 2 migrations (execution time 00:00.038s)
2018-05-21 14:55:07.953  INFO 29764 --- [    Test worker] o.f.core.internal.command.DbMigrate      : Current version of schema "public": 20180516.2030
2018-05-21 14:55:07.953  WARN 29764 --- [    Test worker] o.f.core.internal.command.DbMigrate      : outOfOrder mode is active. Migration of schema "public" may not be reproducible.
2018-05-21 14:55:07.956  INFO 29764 --- [    Test worker] o.f.core.internal.command.DbMigrate      : Schema "public" is up to date. No migration necessary.
2018-05-21 14:55:08.191  INFO 29764 --- [    Test worker] j.LocalContainerEntityManagerFactoryBean : Building JPA container EntityManagerFactory for persistence unit 'default'
2018-05-21 14:55:08.214  INFO 29764 --- [    Test worker] o.hibernate.jpa.internal.util.LogHelper  : HHH000204: Processing PersistenceUnitInfo [
	name: default
	...]
2018-05-21 14:55:08.316  INFO 29764 --- [    Test worker] org.hibernate.Version                    : HHH000412: Hibernate Core {5.0.12.Final}
2018-05-21 14:55:08.318  INFO 29764 --- [    Test worker] org.hibernate.cfg.Environment            : HHH000206: hibernate.properties not found
2018-05-21 14:55:08.321  INFO 29764 --- [    Test worker] org.hibernate.cfg.Environment            : HHH000021: Bytecode provider name : javassist
2018-05-21 14:55:08.495  INFO 29764 --- [    Test worker] o.hibernate.annotations.common.Version   : HCANN000001: Hibernate Commons Annotations {5.0.1.Final}
2018-05-21 14:55:08.652  INFO 29764 --- [    Test worker] org.hibernate.dialect.Dialect            : HHH000400: Using dialect: org.hibernate.dialect.PostgreSQLDialect
2018-05-21 14:55:08.799  INFO 29764 --- [    Test worker] o.h.e.j.e.i.LobCreatorBuilderImpl        : HHH000424: Disabling contextual LOB creation as createClob() method threw error : java.lang.reflect.InvocationTargetException
2018-05-21 14:55:08.802  INFO 29764 --- [    Test worker] org.hibernate.type.BasicTypeRegistry     : HHH000270: Type registration [java.util.UUID] overrides previous : org.hibernate.type.UUIDBinaryType@6eb2ed6c
2018-05-21 14:55:09.659  INFO 29764 --- [    Test worker] j.LocalContainerEntityManagerFactoryBean : Initialized JPA EntityManagerFactory for persistence unit 'default'
2018-05-21 14:55:10.162  INFO 29764 --- [    Test worker] o.h.h.i.QueryTranslatorFactoryInitiator  : HHH000397: Using ASTQueryTranslatorFactory
[...]
2018-05-21 14:55:12.433  INFO 29764 --- [    Test worker] o.s.b.a.e.mvc.EndpointHandlerMapping     : Mapped "{[/env/{name:.*}],methods=[GET],produces=[application/vnd.spring-boot.actuator.v1+json || application/json]}" onto public java.lang.Object org.springframework.boot.actuate.endpoint.mvc.EnvironmentMvcEndpoint.value(java.lang.String)
2018-05-21 14:55:12.434  INFO 29764 --- [    Test worker] o.s.b.a.e.mvc.EndpointHandlerMapping     : Mapped "{[/env || /env.json],methods=[GET],produces=[application/vnd.spring-boot.actuator.v1+json || application/json]}" onto public java.lang.Object org.springframework.boot.actuate.endpoint.mvc.EndpointMvcAdapter.invoke()
2018-05-21 14:55:12.436  INFO 29764 --- [    Test worker] o.s.b.a.e.mvc.EndpointHandlerMapping     : Mapped "{[/auditevents || /auditevents.json],methods=[GET],produces=[application/vnd.spring-boot.actuator.v1+json || application/json]}" onto public org.springframework.http.ResponseEntity<?> org.springframework.boot.actuate.endpoint.mvc.AuditEventsMvcEndpoint.findByPrincipalAndAfterAndType(java.lang.String,java.util.Date,java.lang.String)
2018-05-21 14:55:12.437  INFO 29764 --- [    Test worker] o.s.b.a.e.mvc.EndpointHandlerMapping     : Mapped "{[/mappings || /mappings.json],methods=[GET],produces=[application/vnd.spring-boot.actuator.v1+json || application/json]}" onto public java.lang.Object org.springframework.boot.actuate.endpoint.mvc.EndpointMvcAdapter.invoke()
2018-05-21 14:55:12.440  INFO 29764 --- [    Test worker] o.s.b.a.e.mvc.EndpointHandlerMapping     : Mapped "{[/beans || /beans.json],methods=[GET],produces=[application/vnd.spring-boot.actuator.v1+json || application/json]}" onto public java.lang.Object org.springframework.boot.actuate.endpoint.mvc.EndpointMvcAdapter.invoke()
2018-05-21 14:55:12.440  INFO 29764 --- [    Test worker] o.s.b.a.e.mvc.EndpointHandlerMapping     : Mapped "{[/trace || /trace.json],methods=[GET],produces=[application/vnd.spring-boot.actuator.v1+json || application/json]}" onto public java.lang.Object org.springframework.boot.actuate.endpoint.mvc.EndpointMvcAdapter.invoke()
2018-05-21 14:55:12.442  INFO 29764 --- [    Test worker] o.s.b.a.e.mvc.EndpointHandlerMapping     : Mapped "{[/info || /info.json],methods=[GET],produces=[application/vnd.spring-boot.actuator.v1+json || application/json]}" onto public java.lang.Object org.springframework.boot.actuate.endpoint.mvc.EndpointMvcAdapter.invoke()
2018-05-21 14:55:12.443  INFO 29764 --- [    Test worker] o.s.b.a.e.mvc.EndpointHandlerMapping     : Mapped "{[/dump || /dump.json],methods=[GET],produces=[application/vnd.spring-boot.actuator.v1+json || application/json]}" onto public java.lang.Object org.springframework.boot.actuate.endpoint.mvc.EndpointMvcAdapter.invoke()
2018-05-21 14:55:12.444  INFO 29764 --- [    Test worker] o.s.b.a.e.mvc.EndpointHandlerMapping     : Mapped "{[/autoconfig || /autoconfig.json],methods=[GET],produces=[application/vnd.spring-boot.actuator.v1+json || application/json]}" onto public java.lang.Object org.springframework.boot.actuate.endpoint.mvc.EndpointMvcAdapter.invoke()
2018-05-21 14:55:12.450  INFO 29764 --- [    Test worker] o.s.b.a.e.mvc.EndpointHandlerMapping     : Mapped "{[/configprops || /configprops.json],methods=[GET],produces=[application/vnd.spring-boot.actuator.v1+json || application/json]}" onto public java.lang.Object org.springframework.boot.actuate.endpoint.mvc.EndpointMvcAdapter.invoke()
2018-05-21 14:55:12.453  INFO 29764 --- [    Test worker] o.s.b.a.e.mvc.EndpointHandlerMapping     : Mapped "{[/loggers/{name:.*}],methods=[GET],produces=[application/vnd.spring-boot.actuator.v1+json || application/json]}" onto public java.lang.Object org.springframework.boot.actuate.endpoint.mvc.LoggersMvcEndpoint.get(java.lang.String)
2018-05-21 14:55:12.453  INFO 29764 --- [    Test worker] o.s.b.a.e.mvc.EndpointHandlerMapping     : Mapped "{[/loggers/{name:.*}],methods=[POST],consumes=[application/vnd.spring-boot.actuator.v1+json || application/json],produces=[application/vnd.spring-boot.actuator.v1+json || application/json]}" onto public java.lang.Object org.springframework.boot.actuate.endpoint.mvc.LoggersMvcEndpoint.set(java.lang.String,java.util.Map<java.lang.String, java.lang.String>)
2018-05-21 14:55:12.455  INFO 29764 --- [    Test worker] o.s.b.a.e.mvc.EndpointHandlerMapping     : Mapped "{[/loggers || /loggers.json],methods=[GET],produces=[application/vnd.spring-boot.actuator.v1+json || application/json]}" onto public java.lang.Object org.springframework.boot.actuate.endpoint.mvc.EndpointMvcAdapter.invoke()
2018-05-21 14:55:12.456  INFO 29764 --- [    Test worker] o.s.b.a.e.mvc.EndpointHandlerMapping     : Mapped "{[/metrics/{name:.*}],methods=[GET],produces=[application/vnd.spring-boot.actuator.v1+json || application/json]}" onto public java.lang.Object org.springframework.boot.actuate.endpoint.mvc.MetricsMvcEndpoint.value(java.lang.String)
2018-05-21 14:55:12.457  INFO 29764 --- [    Test worker] o.s.b.a.e.mvc.EndpointHandlerMapping     : Mapped "{[/metrics || /metrics.json],methods=[GET],produces=[application/vnd.spring-boot.actuator.v1+json || application/json]}" onto public java.lang.Object org.springframework.boot.actuate.endpoint.mvc.EndpointMvcAdapter.invoke()
2018-05-21 14:55:12.760 DEBUG 29764 --- [    Test worker] eGlobalAuthenticationAutowiredConfigurer : Eagerly initializing {securityConfig=com.cdt.credito.conf.SecurityConfig$$EnhancerBySpringCGLIB$$5873fb40@298ac4a1}
2018-05-21 14:55:12.882  INFO 29764 --- [    Test worker] o.s.s.web.DefaultSecurityFilterChain     : Creating filter chain: Ant [pattern='/', GET], []
2018-05-21 14:55:12.882  INFO 29764 --- [    Test worker] o.s.s.web.DefaultSecurityFilterChain     : Creating filter chain: Ant [pattern='/index.html', GET], []
2018-05-21 14:55:12.882  INFO 29764 --- [    Test worker] o.s.s.web.DefaultSecurityFilterChain     : Creating filter chain: Ant [pattern='/app/**', GET], []
2018-05-21 14:55:12.882  INFO 29764 --- [    Test worker] o.s.s.web.DefaultSecurityFilterChain     : Creating filter chain: Ant [pattern='/scripts/**', GET], []
2018-05-21 14:55:12.884  INFO 29764 --- [    Test worker] o.s.s.web.DefaultSecurityFilterChain     : Creating filter chain: Ant [pattern='/assets/**', GET], []
2018-05-21 14:55:12.884  INFO 29764 --- [    Test worker] o.s.s.web.DefaultSecurityFilterChain     : Creating filter chain: Ant [pattern='/fonts/**', GET], []
2018-05-21 14:55:12.884  INFO 29764 --- [    Test worker] o.s.s.web.DefaultSecurityFilterChain     : Creating filter chain: Ant [pattern='/app/**', GET], []
2018-05-21 14:55:12.884  INFO 29764 --- [    Test worker] o.s.s.web.DefaultSecurityFilterChain     : Creating filter chain: Ant [pattern='/styles/**', GET], []
2018-05-21 14:55:12.884  INFO 29764 --- [    Test worker] o.s.s.web.DefaultSecurityFilterChain     : Creating filter chain: Ant [pattern='/android-chrome-192x192.png', GET], []
2018-05-21 14:55:12.884  INFO 29764 --- [    Test worker] o.s.s.web.DefaultSecurityFilterChain     : Creating filter chain: Ant [pattern='/apple-touch-icon.png', GET], []
2018-05-21 14:55:12.884  INFO 29764 --- [    Test worker] o.s.s.web.DefaultSecurityFilterChain     : Creating filter chain: Ant [pattern='favicon.ico', GET], []
2018-05-21 14:55:12.884  INFO 29764 --- [    Test worker] o.s.s.web.DefaultSecurityFilterChain     : Creating filter chain: Ant [pattern='/**.bundle.css', GET], []
2018-05-21 14:55:12.884  INFO 29764 --- [    Test worker] o.s.s.web.DefaultSecurityFilterChain     : Creating filter chain: Ant [pattern='/**.bundle.js', GET], []
2018-05-21 14:55:12.885  INFO 29764 --- [    Test worker] o.s.s.web.DefaultSecurityFilterChain     : Creating filter chain: Ant [pattern='/**.woff2', GET], []
2018-05-21 14:55:12.886  INFO 29764 --- [    Test worker] o.s.s.web.DefaultSecurityFilterChain     : Creating filter chain: Ant [pattern='/**.woff', GET], []
2018-05-21 14:55:12.886  INFO 29764 --- [    Test worker] o.s.s.web.DefaultSecurityFilterChain     : Creating filter chain: Ant [pattern='/**.ttf', GET], []
2018-05-21 14:55:12.886  INFO 29764 --- [    Test worker] o.s.s.web.DefaultSecurityFilterChain     : Creating filter chain: Ant [pattern='/**', OPTIONS], []
2018-05-21 14:55:12.887  INFO 29764 --- [    Test worker] o.s.s.web.DefaultSecurityFilterChain     : Creating filter chain: Ant [pattern='/health'], []
2018-05-21 14:55:12.887  INFO 29764 --- [    Test worker] o.s.s.web.DefaultSecurityFilterChain     : Creating filter chain: Ant [pattern='/info'], []
2018-05-21 14:55:12.887  INFO 29764 --- [    Test worker] o.s.s.web.DefaultSecurityFilterChain     : Creating filter chain: Ant [pattern='/swagger-ui**'], []
2018-05-21 14:55:12.887  INFO 29764 --- [    Test worker] o.s.s.web.DefaultSecurityFilterChain     : Creating filter chain: Ant [pattern='/v2/api-docs**'], []
2018-05-21 14:55:12.887  INFO 29764 --- [    Test worker] o.s.s.web.DefaultSecurityFilterChain     : Creating filter chain: Ant [pattern='/swagger-resources/**'], []
2018-05-21 14:55:12.887  INFO 29764 --- [    Test worker] o.s.s.web.DefaultSecurityFilterChain     : Creating filter chain: Ant [pattern='/webjars/**'], []
2018-05-21 14:55:12.887  INFO 29764 --- [    Test worker] o.s.s.web.DefaultSecurityFilterChain     : Creating filter chain: Ant [pattern='/validatorUrl?**'], []
2018-05-21 14:55:12.995  INFO 29764 --- [    Test worker] o.s.w.s.handler.SimpleUrlHandlerMapping  : Mapped URL path [/webjars/**] onto handler of type [class org.springframework.web.servlet.resource.ResourceHttpRequestHandler]
2018-05-21 14:55:12.996  INFO 29764 --- [    Test worker] o.s.w.s.handler.SimpleUrlHandlerMapping  : Mapped URL path [/**] onto handler of type [class org.springframework.web.servlet.resource.ResourceHttpRequestHandler]
2018-05-21 14:55:12.996  INFO 29764 --- [    Test worker] o.s.w.s.handler.SimpleUrlHandlerMapping  : Mapped URL path [/docs/**] onto handler of type [class org.springframework.web.servlet.resource.ResourceHttpRequestHandler]
2018-05-21 14:55:13.007  INFO 29764 --- [    Test worker] oConfiguration$WelcomePageHandlerMapping : Adding welcome page: ServletContext resource [/index.html]
2018-05-21 14:55:13.102 DEBUG 29764 --- [    Test worker] edFilterInvocationSecurityMetadataSource : Adding web access control expression 'permitAll', for Ant [pattern='/auth/captcha']
2018-05-21 14:55:13.103 DEBUG 29764 --- [    Test worker] edFilterInvocationSecurityMetadataSource : Adding web access control expression 'permitAll', for Ant [pattern='/auth/login**']
2018-05-21 14:55:13.103 DEBUG 29764 --- [    Test worker] edFilterInvocationSecurityMetadataSource : Adding web access control expression 'authenticated', for org.springframework.security.web.util.matcher.AnyRequestMatcher@1
2018-05-21 14:55:13.112 DEBUG 29764 --- [    Test worker] o.s.s.w.a.i.FilterSecurityInterceptor    : Validated configuration attributes
2018-05-21 14:55:13.116 DEBUG 29764 --- [    Test worker] o.s.s.w.a.i.FilterSecurityInterceptor    : Validated configuration attributes
2018-05-21 14:55:13.121  INFO 29764 --- [    Test worker] o.s.s.web.DefaultSecurityFilterChain     : Creating filter chain: org.springframework.security.web.util.matcher.AnyRequestMatcher@1, [org.springframework.security.web.context.request.async.WebAsyncManagerIntegrationFilter@57f4de7f, org.springframework.security.web.context.SecurityContextPersistenceFilter@641fa679, org.springframework.security.web.header.HeaderWriterFilter@71604734, org.springframework.web.filter.CorsFilter@6a3797d3, org.springframework.security.web.savedrequest.RequestCacheAwareFilter@3ab5035c, org.springframework.security.web.servletapi.SecurityContextHolderAwareRequestFilter@61dc815d, org.springframework.security.web.authentication.AnonymousAuthenticationFilter@51b8b5ef, org.springframework.security.web.session.SessionManagementFilter@1cea12d9, org.springframework.security.web.access.ExceptionTranslationFilter@7e25fa47, org.springframework.security.web.access.intercept.FilterSecurityInterceptor@21cc00f]
2018-05-21 14:55:13.160 DEBUG 29764 --- [    Test worker] edFilterInvocationSecurityMetadataSource : Adding web access control expression 'authenticated', for org.springframework.boot.actuate.autoconfigure.ManagementWebSecurityAutoConfiguration$LazyEndpointPathRequestMatcher@634cec65
2018-05-21 14:55:13.160 DEBUG 29764 --- [    Test worker] edFilterInvocationSecurityMetadataSource : Adding web access control expression 'permitAll', for org.springframework.boot.actuate.autoconfigure.ManagementWebSecurityAutoConfiguration$LazyEndpointPathRequestMatcher@4809f56b
2018-05-21 14:55:13.161 DEBUG 29764 --- [    Test worker] o.s.s.w.a.i.FilterSecurityInterceptor    : Validated configuration attributes
2018-05-21 14:55:13.164 DEBUG 29764 --- [    Test worker] o.s.s.w.a.i.FilterSecurityInterceptor    : Validated configuration attributes
2018-05-21 14:55:13.182  INFO 29764 --- [    Test worker] o.s.s.web.DefaultSecurityFilterChain     : Creating filter chain: org.springframework.boot.actuate.autoconfigure.ManagementWebSecurityAutoConfiguration$LazyEndpointPathRequestMatcher@959303, [org.springframework.security.web.context.request.async.WebAsyncManagerIntegrationFilter@13293af9, org.springframework.security.web.context.SecurityContextPersistenceFilter@5b80614f, org.springframework.security.web.header.HeaderWriterFilter@776f84a9, org.springframework.web.filter.CorsFilter@2a866ee4, org.springframework.security.web.authentication.logout.LogoutFilter@1fb69b1c, org.springframework.security.web.authentication.www.BasicAuthenticationFilter@5498e6fe, org.springframework.security.web.savedrequest.RequestCacheAwareFilter@432edd6c, org.springframework.security.web.servletapi.SecurityContextHolderAwareRequestFilter@486f436c, org.springframework.security.web.authentication.AnonymousAuthenticationFilter@bca1bd2, org.springframework.security.web.session.SessionManagementFilter@34a5c1a2, org.springframework.security.web.access.ExceptionTranslationFilter@58b811d2, org.springframework.security.web.access.intercept.FilterSecurityInterceptor@6d24e260]
2018-05-21 14:55:14.136  INFO 29764 --- [    Test worker] s.w.s.m.m.a.RequestMappingHandlerAdapter : Looking for @ControllerAdvice: org.springframework.web.context.support.GenericWebApplicationContext@65b3189f: startup date [Mon May 21 14:55:03 BRT 2018]; root of context hierarchy
2018-05-21 14:55:14.159  INFO 29764 --- [    Test worker] s.w.s.m.m.a.RequestMappingHandlerAdapter : Detected ResponseBodyAdvice bean in org.springframework.boot.actuate.autoconfigure.EndpointWebMvcHypermediaManagementContextConfiguration$ActuatorEndpointLinksAdvice
2018-05-21 14:55:14.265  INFO 29764 --- [    Test worker] .m.m.a.ExceptionHandlerExceptionResolver : Detected @ExceptionHandler methods in restErrorHandler
2018-05-21 14:55:14.266  INFO 29764 --- [    Test worker] .m.m.a.ExceptionHandlerExceptionResolver : Detected ResponseBodyAdvice implementation in org.springframework.boot.actuate.autoconfigure.EndpointWebMvcHypermediaManagementContextConfiguration$ActuatorEndpointLinksAdvice
2018-05-21 14:55:15.193  INFO 29764 --- [    Test worker] o.s.c.support.DefaultLifecycleProcessor  : Starting beans in phase 2147483647
2018-05-21 14:55:15.194  INFO 29764 --- [    Test worker] d.s.w.p.DocumentationPluginsBootstrapper : Context refreshed
2018-05-21 14:55:15.223  INFO 29764 --- [    Test worker] d.s.w.p.DocumentationPluginsBootstrapper : Found 1 custom documentation plugin(s)
2018-05-21 14:55:15.239  INFO 29764 --- [    Test worker] s.d.s.w.s.ApiListingReferenceScanner     : Scanning for api listing references
2018-05-21 14:55:15.541  INFO 29764 --- [    Test worker] com.cdt.credito.AuthControllerTest       : Started AuthControllerTest in 12.443 seconds (JVM running for 13.379)
2018-05-21 14:55:15.614  INFO 29764 --- [    Test worker] ilder$StaticRequestMappingHandlerMapping : Mapped "{[/auth/logout],methods=[POST]}" onto public org.springframework.http.ResponseEntity<java.lang.Void> com.cdt.credito.auth.controller.AuthController.logout(javax.servlet.http.HttpServletRequest)
2018-05-21 14:55:15.614  INFO 29764 --- [    Test worker] ilder$StaticRequestMappingHandlerMapping : Mapped "{[/auth/captcha],methods=[GET]}" onto public org.springframework.http.ResponseEntity<com.cdt.credito.auth.dto.login.ResponseCaptchaDTO> com.cdt.credito.auth.controller.AuthController.captcha() throws java.io.IOException
2018-05-21 14:55:15.615  INFO 29764 --- [    Test worker] ilder$StaticRequestMappingHandlerMapping : Mapped "{[/auth/login],methods=[POST]}" onto public org.springframework.http.ResponseEntity<com.cdt.credito.auth.dto.login.ResponseLoginDTO> com.cdt.credito.auth.controller.AuthController.login(javax.servlet.http.HttpServletRequest,com.cdt.credito.auth.dto.login.LoginDTO) throws org.springframework.security.authentication.BadCredentialsException,javax.security.auth.login.CredentialExpiredException,org.springframework.security.access.AccessDeniedException,com.cdt.credito.exceptions.InvalidCaptchaException
2018-05-21 14:55:15.634  INFO 29764 --- [    Test worker] s.w.s.m.m.a.RequestMappingHandlerAdapter : Looking for @ControllerAdvice: org.springframework.test.web.servlet.setup.StubWebApplicationContext@a5fefe8
2018-05-21 14:55:15.646  INFO 29764 --- [    Test worker] o.s.mock.web.MockServletContext          : Initializing Spring FrameworkServlet ''
2018-05-21 14:55:15.646  INFO 29764 --- [    Test worker] o.s.t.web.servlet.TestDispatcherServlet  : FrameworkServlet '': initialization started
2018-05-21 14:55:15.646  INFO 29764 --- [    Test worker] o.s.t.web.servlet.TestDispatcherServlet  : FrameworkServlet '': initialization completed in 0 ms
Captcha: kmmte
2018-05-21 14:55:16.641  INFO 29764 --- [    Test worker] ilder$StaticRequestMappingHandlerMapping : Mapped "{[/auth/logout],methods=[POST]}" onto public org.springframework.http.ResponseEntity<java.lang.Void> com.cdt.credito.auth.controller.AuthController.logout(javax.servlet.http.HttpServletRequest)
2018-05-21 14:55:16.641  INFO 29764 --- [    Test worker] ilder$StaticRequestMappingHandlerMapping : Mapped "{[/auth/captcha],methods=[GET]}" onto public org.springframework.http.ResponseEntity<com.cdt.credito.auth.dto.login.ResponseCaptchaDTO> com.cdt.credito.auth.controller.AuthController.captcha() throws java.io.IOException
2018-05-21 14:55:16.642  INFO 29764 --- [    Test worker] ilder$StaticRequestMappingHandlerMapping : Mapped "{[/auth/login],methods=[POST]}" onto public org.springframework.http.ResponseEntity<com.cdt.credito.auth.dto.login.ResponseLoginDTO> com.cdt.credito.auth.controller.AuthController.login(javax.servlet.http.HttpServletRequest,com.cdt.credito.auth.dto.login.LoginDTO) throws org.springframework.security.authentication.BadCredentialsException,javax.security.auth.login.CredentialExpiredException,org.springframework.security.access.AccessDeniedException,com.cdt.credito.exceptions.InvalidCaptchaException
2018-05-21 14:55:16.653  INFO 29764 --- [    Test worker] s.w.s.m.m.a.RequestMappingHandlerAdapter : Looking for @ControllerAdvice: org.springframework.test.web.servlet.setup.StubWebApplicationContext@6a8f12a4
2018-05-21 14:55:16.657  INFO 29764 --- [    Test worker] o.s.mock.web.MockServletContext          : Initializing Spring FrameworkServlet ''
2018-05-21 14:55:16.657  INFO 29764 --- [    Test worker] o.s.t.web.servlet.TestDispatcherServlet  : FrameworkServlet '': initialization started
2018-05-21 14:55:16.657  INFO 29764 --- [    Test worker] o.s.t.web.servlet.TestDispatcherServlet  : FrameworkServlet '': initialization completed in 0 ms
]]></system-out>
  <system-err><![CDATA[]]></system-err>
</testsuite>
